Start testing: Sep 27 18:47 CST
----------------------------------------------------------
1/233 Testing: Loader_unittest
1/233 Test: Loader_unittest
Command: "/Users/liqinghua/git/wasmLearning/WasmVM/cmake-build-debug/test/unittests/lib/Loader_unittest"
Directory: /Users/liqinghua/git/wasmLearning/WasmVM/cmake-build-debug/test/unittests/lib
"Loader_unittest" start time: Sep 27 18:47 CST
Output:
----------------------------------------------------------
[36m[  skypat  ] Running 6 tests from 1 cases.
[32m[----------] [33m6 tests from Loader.[m
[32m[ RUN      ] [37mLoader.create_delete[m
[32m[       OK ] 
[32m[ RUN      ] [37mLoader.add_request[m
[32m[       OK ] 
[32m[ RUN      ] [37mLoader.activate[m
[32m[       OK ] 
[32m[ RUN      ] [37mLoader.activate_loaded[m
[32m[       OK ] 
[32m[ RUN      ] [37mLoader.activate_halt[m
[32m[       OK ] 
[32m[ RUN      ] [37mLoader.terminate[m
[32m[       OK ] 
[36m[==========] 6 tests from 1 cases ran.
[32m[  PASSED  ] [m6 tests.
<end of output>
Test time =   0.01 sec
----------------------------------------------------------
Test Passed.
"Loader_unittest" end time: Sep 27 18:47 CST
"Loader_unittest" time elapsed: 00:00:00
----------------------------------------------------------

2/233 Testing: LoaderRequest_unittest
2/233 Test: LoaderRequest_unittest
Command: "/Users/liqinghua/git/wasmLearning/WasmVM/cmake-build-debug/test/unittests/lib/LoaderRequest_unittest"
Directory: /Users/liqinghua/git/wasmLearning/WasmVM/cmake-build-debug/test/unittests/lib
"LoaderRequest_unittest" start time: Sep 27 18:47 CST
Output:
----------------------------------------------------------
[36m[  skypat  ] Running 1 tests from 1 cases.
[32m[----------] [33m1 test from LoaderRequest.[m
[32m[ RUN      ] [37mLoaderRequest.new[m
[32m[       OK ] 
[36m[==========] 1 test from 1 cases ran.
[32m[  PASSED  ] [m1 test.
<end of output>
Test time =   0.00 sec
----------------------------------------------------------
Test Passed.
"LoaderRequest_unittest" end time: Sep 27 18:47 CST
"LoaderRequest_unittest" time elapsed: 00:00:00
----------------------------------------------------------

3/233 Testing: stack_unittest
3/233 Test: stack_unittest
Command: "/Users/liqinghua/git/wasmLearning/WasmVM/cmake-build-debug/test/unittests/lib/core/stack_unittest"
Directory: /Users/liqinghua/git/wasmLearning/WasmVM/cmake-build-debug/test/unittests/lib/core
"stack_unittest" start time: Sep 27 18:47 CST
Output:
----------------------------------------------------------
[36m[  skypat  ] Running 10 tests from 1 cases.
[32m[----------] [33m10 tests from Stack.[m
[32m[ RUN      ] [37mStack.create_delete[m
[32m[       OK ] 
[32m[ RUN      ] [37mStack.push_Label[m
Push label of function 0
[32m[       OK ] 
[32m[ RUN      ] [37mStack.push_Frame[m
Push frame of module Test
[32m[       OK ] 
[32m[ RUN      ] [37mStack.push_Value[m
Push value i32 2
[32m[       OK ] 
[32m[ RUN      ] [37mStack.pop_Label_valid[m
Push label of function 0
Pop label of function 0
Push label of function 0
Push value i32 10
Push label of function 0
Push value i32 20
Pop value i32 20
Pop label of function 0
Pop value i32 10
Pop label of function 0
[32m[       OK ] 
[32m[ RUN      ] [37mStack.pop_Label_not_exist_curLabel[m
[32m[       OK ] 
[32m[ RUN      ] [37mStack.pop_Frame_valid[m
Push frame of module Test
Pop frame of module Test
Push frame of module Test
Push label of function 0
Push value i32 10
Push frame of module Test
Push label of function 0
Push value i32 20
Pop value i32 20
Pop label of function 0
Pop frame of module Test
Pop value i32 10
Pop label of function 0
Pop frame of module Test
[32m[       OK ] 
[32m[ RUN      ] [37mStack.pop_Frame_not_exist_curFrame[m
[32m[       OK ] 
[32m[ RUN      ] [37mStack.pop_Value_valid[m
Push value i32 3
Pop value i32 3
[32m[       OK ] 
[32m[ RUN      ] [37mStack.pop_Value_not_exist[m
[32m[       OK ] 
[36m[==========] 10 tests from 1 cases ran.
[32m[  PASSED  ] [m10 tests.
<end of output>
Test time =   0.01 sec
----------------------------------------------------------
Test Passed.
"stack_unittest" end time: Sep 27 18:47 CST
"stack_unittest" time elapsed: 00:00:00
----------------------------------------------------------

4/233 Testing: store_unittest
4/233 Test: store_unittest
Command: "/Users/liqinghua/git/wasmLearning/WasmVM/cmake-build-debug/test/unittests/lib/core/store_unittest"
Directory: /Users/liqinghua/git/wasmLearning/WasmVM/cmake-build-debug/test/unittests/lib/core
"store_unittest" start time: Sep 27 18:47 CST
Output:
----------------------------------------------------------
[36m[  skypat  ] Running 1 tests from 1 cases.
[32m[----------] [33m1 test from Store.[m
[32m[ RUN      ] [37mStore.create_delete[m
[32m[       OK ] 
[36m[==========] 1 test from 1 cases ran.
[32m[  PASSED  ] [m1 test.
<end of output>
Test time =   0.01 sec
----------------------------------------------------------
Test Passed.
"store_unittest" end time: Sep 27 18:47 CST
"store_unittest" time elapsed: 00:00:00
----------------------------------------------------------

5/233 Testing: core_unittest
5/233 Test: core_unittest
Command: "/Users/liqinghua/git/wasmLearning/WasmVM/cmake-build-debug/test/unittests/lib/core/core_unittest"
Directory: /Users/liqinghua/git/wasmLearning/WasmVM/cmake-build-debug/test/unittests/lib/core
"core_unittest" start time: Sep 27 18:47 CST
Output:
----------------------------------------------------------
[36m[  skypat  ] Running 3 tests from 1 cases.
[32m[----------] [33m3 tests from Core.[m
[32m[ RUN      ] [37mCore.create_delete[m
[32m[       OK ] 
[32m[ RUN      ] [37mCore.run_stop[m
Push frame of module test
Push label of function 0
[32m[       OK ] 
[32m[ RUN      ] [37mCore.resume[m
Push frame of module test
Push label of function 0
[32m[       OK ] 
[36m[==========] 3 tests from 1 cases ran.
[32m[  PASSED  ] [m3 tests.
<end of output>
Test time =   0.01 sec
----------------------------------------------------------
Test Passed.
"core_unittest" end time: Sep 27 18:47 CST
"core_unittest" time elapsed: 00:00:00
----------------------------------------------------------

6/233 Testing: i32_popcnt_unittest
6/233 Test: i32_popcnt_unittest
Command: "/Users/liqinghua/git/wasmLearning/WasmVM/cmake-build-debug/test/unittests/lib/core/runtime/i32_popcnt_unittest"
Directory: /Users/liqinghua/git/wasmLearning/WasmVM/cmake-build-debug/test/unittests/lib/core/runtime
"i32_popcnt_unittest" start time: Sep 27 18:47 CST
Output:
----------------------------------------------------------
[36m[  skypat  ] Running 1 tests from 1 cases.
[32m[----------] [33m1 test from Runtime_i32_popcnt.[m
[32m[ RUN      ] [37mRuntime_i32_popcnt.regular[m
Push value i32 -1
Pop value i32 -1
Push value i32 32
Pop value i32 32
[32m[       OK ] 
[36m[==========] 1 test from 1 cases ran.
[32m[  PASSED  ] [m1 test.
<end of output>
Test time =   0.01 sec
----------------------------------------------------------
Test Passed.
"i32_popcnt_unittest" end time: Sep 27 18:47 CST
"i32_popcnt_unittest" time elapsed: 00:00:00
----------------------------------------------------------

7/233 Testing: i32_add_unittest
7/233 Test: i32_add_unittest
Command: "/Users/liqinghua/git/wasmLearning/WasmVM/cmake-build-debug/test/unittests/lib/core/runtime/i32_add_unittest"
Directory: /Users/liqinghua/git/wasmLearning/WasmVM/cmake-build-debug/test/unittests/lib/core/runtime
"i32_add_unittest" start time: Sep 27 18:47 CST
Output:
----------------------------------------------------------
[36m[  skypat  ] Running 1 tests from 1 cases.
[32m[----------] [33m1 test from Runtime_i32_add.[m
[32m[ RUN      ] [37mRuntime_i32_add.regular[m
Push value i32 5
Push value i32 3
Pop value i32 3
Pop value i32 5
Push value i32 8
Pop value i32 8
[32m[       OK ] 
[36m[==========] 1 test from 1 cases ran.
[32m[  PASSED  ] [m1 test.
<end of output>
Test time =   0.01 sec
----------------------------------------------------------
Test Passed.
"i32_add_unittest" end time: Sep 27 18:47 CST
"i32_add_unittest" time elapsed: 00:00:00
----------------------------------------------------------

8/233 Testing: i32_and_unittest
8/233 Test: i32_and_unittest
Command: "/Users/liqinghua/git/wasmLearning/WasmVM/cmake-build-debug/test/unittests/lib/core/runtime/i32_and_unittest"
Directory: /Users/liqinghua/git/wasmLearning/WasmVM/cmake-build-debug/test/unittests/lib/core/runtime
"i32_and_unittest" start time: Sep 27 18:47 CST
Output:
----------------------------------------------------------
[36m[  skypat  ] Running 1 tests from 1 cases.
[32m[----------] [33m1 test from Runtime_i32_and.[m
[32m[ RUN      ] [37mRuntime_i32_and.regular[m
Push value i32 5
Push value i32 3
Pop value i32 3
Pop value i32 5
Push value i32 1
Pop value i32 1
[32m[       OK ] 
[36m[==========] 1 test from 1 cases ran.
[32m[  PASSED  ] [m1 test.
<end of output>
Test time =   0.01 sec
----------------------------------------------------------
Test Passed.
"i32_and_unittest" end time: Sep 27 18:47 CST
"i32_and_unittest" time elapsed: 00:00:00
----------------------------------------------------------

9/233 Testing: i32_sub_unittest
9/233 Test: i32_sub_unittest
Command: "/Users/liqinghua/git/wasmLearning/WasmVM/cmake-build-debug/test/unittests/lib/core/runtime/i32_sub_unittest"
Directory: /Users/liqinghua/git/wasmLearning/WasmVM/cmake-build-debug/test/unittests/lib/core/runtime
"i32_sub_unittest" start time: Sep 27 18:47 CST
Output:
----------------------------------------------------------
[36m[  skypat  ] Running 1 tests from 1 cases.
[32m[----------] [33m1 test from Runtime_i32_sub.[m
[32m[ RUN      ] [37mRuntime_i32_sub.regular[m
Push value i32 5
Push value i32 3
Pop value i32 3
Pop value i32 5
Push value i32 2
Pop value i32 2
[32m[       OK ] 
[36m[==========] 1 test from 1 cases ran.
[32m[  PASSED  ] [m1 test.
<end of output>
Test time =   0.01 sec
----------------------------------------------------------
Test Passed.
"i32_sub_unittest" end time: Sep 27 18:47 CST
"i32_sub_unittest" time elapsed: 00:00:00
----------------------------------------------------------

10/233 Testing: i32_clz_unittest
10/233 Test: i32_clz_unittest
Command: "/Users/liqinghua/git/wasmLearning/WasmVM/cmake-build-debug/test/unittests/lib/core/runtime/i32_clz_unittest"
Directory: /Users/liqinghua/git/wasmLearning/WasmVM/cmake-build-debug/test/unittests/lib/core/runtime
"i32_clz_unittest" start time: Sep 27 18:47 CST
Output:
----------------------------------------------------------
[36m[  skypat  ] Running 1 tests from 1 cases.
[32m[----------] [33m1 test from Runtime_i32_clz.[m
[32m[ RUN      ] [37mRuntime_i32_clz.regular[m
Push value i32 5
Pop value i32 5
Push value i32 29
Pop value i32 29
[32m[       OK ] 
[36m[==========] 1 test from 1 cases ran.
[32m[  PASSED  ] [m1 test.
<end of output>
Test time =   0.01 sec
----------------------------------------------------------
Test Passed.
"i32_clz_unittest" end time: Sep 27 18:47 CST
"i32_clz_unittest" time elapsed: 00:00:00
----------------------------------------------------------

11/233 Testing: i32_ctz_unittest
11/233 Test: i32_ctz_unittest
Command: "/Users/liqinghua/git/wasmLearning/WasmVM/cmake-build-debug/test/unittests/lib/core/runtime/i32_ctz_unittest"
Directory: /Users/liqinghua/git/wasmLearning/WasmVM/cmake-build-debug/test/unittests/lib/core/runtime
"i32_ctz_unittest" start time: Sep 27 18:47 CST
Output:
----------------------------------------------------------
[36m[  skypat  ] Running 1 tests from 1 cases.
[32m[----------] [33m1 test from Runtime_i32_ctz.[m
[32m[ RUN      ] [37mRuntime_i32_ctz.regular[m
Push value i32 -2147483648
Pop value i32 -2147483648
Push value i32 31
Pop value i32 31
[32m[       OK ] 
[36m[==========] 1 test from 1 cases ran.
[32m[  PASSED  ] [m1 test.
<end of output>
Test time =   0.01 sec
----------------------------------------------------------
Test Passed.
"i32_ctz_unittest" end time: Sep 27 18:47 CST
"i32_ctz_unittest" time elapsed: 00:00:00
----------------------------------------------------------

12/233 Testing: i32_const_unittest
12/233 Test: i32_const_unittest
Command: "/Users/liqinghua/git/wasmLearning/WasmVM/cmake-build-debug/test/unittests/lib/core/runtime/i32_const_unittest"
Directory: /Users/liqinghua/git/wasmLearning/WasmVM/cmake-build-debug/test/unittests/lib/core/runtime
"i32_const_unittest" start time: Sep 27 18:47 CST
Output:
----------------------------------------------------------
[36m[  skypat  ] Running 1 tests from 1 cases.
[32m[----------] [33m1 test from Runtime_i32_const.[m
[32m[ RUN      ] [37mRuntime_i32_const.regular[m
Push value i32 10
Pop value i32 10
[32m[       OK ] 
[36m[==========] 1 test from 1 cases ran.
[32m[  PASSED  ] [m1 test.
<end of output>
Test time =   0.01 sec
----------------------------------------------------------
Test Passed.
"i32_const_unittest" end time: Sep 27 18:47 CST
"i32_const_unittest" time elapsed: 00:00:00
----------------------------------------------------------

13/233 Testing: i32_div_s_unittest
13/233 Test: i32_div_s_unittest
Command: "/Users/liqinghua/git/wasmLearning/WasmVM/cmake-build-debug/test/unittests/lib/core/runtime/i32_div_s_unittest"
Directory: /Users/liqinghua/git/wasmLearning/WasmVM/cmake-build-debug/test/unittests/lib/core/runtime
"i32_div_s_unittest" start time: Sep 27 18:47 CST
Output:
----------------------------------------------------------
[36m[  skypat  ] Running 1 tests from 1 cases.
[32m[----------] [33m1 test from Runtime_i32_div_s.[m
[32m[ RUN      ] [37mRuntime_i32_div_s.regular[m
Push value i32 20
Push value i32 -3
Pop value i32 -3
Pop value i32 20
Push value i32 -6
Pop value i32 -6
[32m[       OK ] 
[36m[==========] 1 test from 1 cases ran.
[32m[  PASSED  ] [m1 test.
<end of output>
Test time =   0.01 sec
----------------------------------------------------------
Test Passed.
"i32_div_s_unittest" end time: Sep 27 18:47 CST
"i32_div_s_unittest" time elapsed: 00:00:00
----------------------------------------------------------

14/233 Testing: i32_div_u_unittest
14/233 Test: i32_div_u_unittest
Command: "/Users/liqinghua/git/wasmLearning/WasmVM/cmake-build-debug/test/unittests/lib/core/runtime/i32_div_u_unittest"
Directory: /Users/liqinghua/git/wasmLearning/WasmVM/cmake-build-debug/test/unittests/lib/core/runtime
"i32_div_u_unittest" start time: Sep 27 18:47 CST
Output:
----------------------------------------------------------
[36m[  skypat  ] Running 1 tests from 1 cases.
[32m[----------] [33m1 test from Runtime_i32_div_u.[m
[32m[ RUN      ] [37mRuntime_i32_div_u.regular[m
Push value i32 20
Push value i32 -3
Pop value i32 -3
Pop value i32 20
Push value i32 0
Pop value i32 0
[32m[       OK ] 
[36m[==========] 1 test from 1 cases ran.
[32m[  PASSED  ] [m1 test.
<end of output>
Test time =   0.01 sec
----------------------------------------------------------
Test Passed.
"i32_div_u_unittest" end time: Sep 27 18:47 CST
"i32_div_u_unittest" time elapsed: 00:00:00
----------------------------------------------------------

15/233 Testing: i32_mul_unittest
15/233 Test: i32_mul_unittest
Command: "/Users/liqinghua/git/wasmLearning/WasmVM/cmake-build-debug/test/unittests/lib/core/runtime/i32_mul_unittest"
Directory: /Users/liqinghua/git/wasmLearning/WasmVM/cmake-build-debug/test/unittests/lib/core/runtime
"i32_mul_unittest" start time: Sep 27 18:47 CST
Output:
----------------------------------------------------------
[36m[  skypat  ] Running 1 tests from 1 cases.
[32m[----------] [33m1 test from Runtime_i32_mul.[m
[32m[ RUN      ] [37mRuntime_i32_mul.regular[m
Push value i32 11
Push value i32 13
Pop value i32 13
Pop value i32 11
Push value i32 143
Pop value i32 143
[32m[       OK ] 
[36m[==========] 1 test from 1 cases ran.
[32m[  PASSED  ] [m1 test.
<end of output>
Test time =   0.01 sec
----------------------------------------------------------
Test Passed.
"i32_mul_unittest" end time: Sep 27 18:47 CST
"i32_mul_unittest" time elapsed: 00:00:00
----------------------------------------------------------

16/233 Testing: i32_ne_unittest
16/233 Test: i32_ne_unittest
Command: "/Users/liqinghua/git/wasmLearning/WasmVM/cmake-build-debug/test/unittests/lib/core/runtime/i32_ne_unittest"
Directory: /Users/liqinghua/git/wasmLearning/WasmVM/cmake-build-debug/test/unittests/lib/core/runtime
"i32_ne_unittest" start time: Sep 27 18:47 CST
Output:
----------------------------------------------------------
[36m[  skypat  ] Running 1 tests from 1 cases.
[32m[----------] [33m1 test from Runtime_i32_ne.[m
[32m[ RUN      ] [37mRuntime_i32_ne.regular[m
Push value i32 100
Push value i32 10
Pop value i32 10
Pop value i32 100
Push value i32 1
Pop value i32 1
[32m[       OK ] 
[36m[==========] 1 test from 1 cases ran.
[32m[  PASSED  ] [m1 test.
<end of output>
Test time =   0.01 sec
----------------------------------------------------------
Test Passed.
"i32_ne_unittest" end time: Sep 27 18:47 CST
"i32_ne_unittest" time elapsed: 00:00:00
----------------------------------------------------------

17/233 Testing: i32_eq_unittest
17/233 Test: i32_eq_unittest
Command: "/Users/liqinghua/git/wasmLearning/WasmVM/cmake-build-debug/test/unittests/lib/core/runtime/i32_eq_unittest"
Directory: /Users/liqinghua/git/wasmLearning/WasmVM/cmake-build-debug/test/unittests/lib/core/runtime
"i32_eq_unittest" start time: Sep 27 18:47 CST
Output:
----------------------------------------------------------
[36m[  skypat  ] Running 1 tests from 1 cases.
[32m[----------] [33m1 test from Runtime_i32_eq.[m
[32m[ RUN      ] [37mRuntime_i32_eq.regular[m
Push value i32 10
Push value i32 10
Pop value i32 10
Pop value i32 10
Push value i32 1
Pop value i32 1
[32m[       OK ] 
[36m[==========] 1 test from 1 cases ran.
[32m[  PASSED  ] [m1 test.
<end of output>
Test time =   0.01 sec
----------------------------------------------------------
Test Passed.
"i32_eq_unittest" end time: Sep 27 18:47 CST
"i32_eq_unittest" time elapsed: 00:00:00
----------------------------------------------------------

18/233 Testing: i32_ge_s_unittest
18/233 Test: i32_ge_s_unittest
Command: "/Users/liqinghua/git/wasmLearning/WasmVM/cmake-build-debug/test/unittests/lib/core/runtime/i32_ge_s_unittest"
Directory: /Users/liqinghua/git/wasmLearning/WasmVM/cmake-build-debug/test/unittests/lib/core/runtime
"i32_ge_s_unittest" start time: Sep 27 18:47 CST
Output:
----------------------------------------------------------
[36m[  skypat  ] Running 1 tests from 1 cases.
[32m[----------] [33m1 test from Runtime_i32_ge_s.[m
[32m[ RUN      ] [37mRuntime_i32_ge_s.regular[m
Push value i32 -100
Push value i32 10
Pop value i32 10
Pop value i32 -100
Push value i32 0
Pop value i32 0
[32m[       OK ] 
[36m[==========] 1 test from 1 cases ran.
[32m[  PASSED  ] [m1 test.
<end of output>
Test time =   0.01 sec
----------------------------------------------------------
Test Passed.
"i32_ge_s_unittest" end time: Sep 27 18:47 CST
"i32_ge_s_unittest" time elapsed: 00:00:00
----------------------------------------------------------

19/233 Testing: i32_ge_u_unittest
19/233 Test: i32_ge_u_unittest
Command: "/Users/liqinghua/git/wasmLearning/WasmVM/cmake-build-debug/test/unittests/lib/core/runtime/i32_ge_u_unittest"
Directory: /Users/liqinghua/git/wasmLearning/WasmVM/cmake-build-debug/test/unittests/lib/core/runtime
"i32_ge_u_unittest" start time: Sep 27 18:47 CST
Output:
----------------------------------------------------------
[36m[  skypat  ] Running 1 tests from 1 cases.
[32m[----------] [33m1 test from Runtime_i32_ge_u.[m
[32m[ RUN      ] [37mRuntime_i32_ge_u.regular[m
Push value i32 -100
Push value i32 10
Pop value i32 10
Pop value i32 -100
Push value i32 1
Pop value i32 1
[32m[       OK ] 
[36m[==========] 1 test from 1 cases ran.
[32m[  PASSED  ] [m1 test.
<end of output>
Test time =   0.01 sec
----------------------------------------------------------
Test Passed.
"i32_ge_u_unittest" end time: Sep 27 18:47 CST
"i32_ge_u_unittest" time elapsed: 00:00:00
----------------------------------------------------------

20/233 Testing: i32_or_unittest
20/233 Test: i32_or_unittest
Command: "/Users/liqinghua/git/wasmLearning/WasmVM/cmake-build-debug/test/unittests/lib/core/runtime/i32_or_unittest"
Directory: /Users/liqinghua/git/wasmLearning/WasmVM/cmake-build-debug/test/unittests/lib/core/runtime
"i32_or_unittest" start time: Sep 27 18:47 CST
Output:
----------------------------------------------------------
[36m[  skypat  ] Running 1 tests from 1 cases.
[32m[----------] [33m1 test from Runtime_i32_or.[m
[32m[ RUN      ] [37mRuntime_i32_or.regular[m
Push value i32 12
Push value i32 10
Pop value i32 10
Pop value i32 12
Push value i32 14
Pop value i32 14
[32m[       OK ] 
[36m[==========] 1 test from 1 cases ran.
[32m[  PASSED  ] [m1 test.
<end of output>
Test time =   0.01 sec
----------------------------------------------------------
Test Passed.
"i32_or_unittest" end time: Sep 27 18:47 CST
"i32_or_unittest" time elapsed: 00:00:00
----------------------------------------------------------

21/233 Testing: i32_gt_u_unittest
21/233 Test: i32_gt_u_unittest
Command: "/Users/liqinghua/git/wasmLearning/WasmVM/cmake-build-debug/test/unittests/lib/core/runtime/i32_gt_u_unittest"
Directory: /Users/liqinghua/git/wasmLearning/WasmVM/cmake-build-debug/test/unittests/lib/core/runtime
"i32_gt_u_unittest" start time: Sep 27 18:47 CST
Output:
----------------------------------------------------------
[36m[  skypat  ] Running 1 tests from 1 cases.
[32m[----------] [33m1 test from Runtime_i32_gt_u.[m
[32m[ RUN      ] [37mRuntime_i32_gt_u.regular[m
Push value i32 20
Push value i32 3
Pop value i32 3
Pop value i32 20
Push value i32 1
Pop value i32 1
Push value i32 -20
Push value i32 3
Pop value i32 3
Pop value i32 -20
Push value i32 1
Pop value i32 1
Push value i32 20
Push value i32 -3
Pop value i32 -3
Pop value i32 20
Push value i32 0
Pop value i32 0
Push value i32 -20
Push value i32 -3
Pop value i32 -3
Pop value i32 -20
Push value i32 0
Pop value i32 0
[32m[       OK ] 
[36m[==========] 1 test from 1 cases ran.
[32m[  PASSED  ] [m1 test.
<end of output>
Test time =   0.01 sec
----------------------------------------------------------
Test Passed.
"i32_gt_u_unittest" end time: Sep 27 18:47 CST
"i32_gt_u_unittest" time elapsed: 00:00:00
----------------------------------------------------------

22/233 Testing: i32_gt_s_unittest
22/233 Test: i32_gt_s_unittest
Command: "/Users/liqinghua/git/wasmLearning/WasmVM/cmake-build-debug/test/unittests/lib/core/runtime/i32_gt_s_unittest"
Directory: /Users/liqinghua/git/wasmLearning/WasmVM/cmake-build-debug/test/unittests/lib/core/runtime
"i32_gt_s_unittest" start time: Sep 27 18:47 CST
Output:
----------------------------------------------------------
[36m[  skypat  ] Running 1 tests from 1 cases.
[32m[----------] [33m1 test from Runtime_i32_gt_s.[m
[32m[ RUN      ] [37mRuntime_i32_gt_s.regular[m
Push value i32 20
Push value i32 3
Pop value i32 3
Pop value i32 20
Push value i32 1
Pop value i32 1
Push value i32 -20
Push value i32 3
Pop value i32 3
Pop value i32 -20
Push value i32 0
Pop value i32 0
Push value i32 20
Push value i32 -3
Pop value i32 -3
Pop value i32 20
Push value i32 1
Pop value i32 1
Push value i32 -20
Push value i32 -3
Pop value i32 -3
Pop value i32 -20
Push value i32 0
Pop value i32 0
[32m[       OK ] 
[36m[==========] 1 test from 1 cases ran.
[32m[  PASSED  ] [m1 test.
<end of output>
Test time =   0.01 sec
----------------------------------------------------------
Test Passed.
"i32_gt_s_unittest" end time: Sep 27 18:47 CST
"i32_gt_s_unittest" time elapsed: 00:00:00
----------------------------------------------------------

23/233 Testing: i32_rem_s_unittest
23/233 Test: i32_rem_s_unittest
Command: "/Users/liqinghua/git/wasmLearning/WasmVM/cmake-build-debug/test/unittests/lib/core/runtime/i32_rem_s_unittest"
Directory: /Users/liqinghua/git/wasmLearning/WasmVM/cmake-build-debug/test/unittests/lib/core/runtime
"i32_rem_s_unittest" start time: Sep 27 18:47 CST
Output:
----------------------------------------------------------
[36m[  skypat  ] Running 1 tests from 1 cases.
[32m[----------] [33m1 test from Runtime_i32_rem_s.[m
[32m[ RUN      ] [37mRuntime_i32_rem_s.regular[m
Push value i32 20
Push value i32 3
Pop value i32 3
Pop value i32 20
Push value i32 2
Pop value i32 2
Push value i32 -20
Push value i32 3
Pop value i32 3
Pop value i32 -20
Push value i32 -2
Pop value i32 -2
Push value i32 20
Push value i32 -3
Pop value i32 -3
Pop value i32 20
Push value i32 2
Pop value i32 2
Push value i32 15
Push value i32 1
Pop value i32 1
Pop value i32 15
Push value i32 0
Pop value i32 0
[32m[       OK ] 
[36m[==========] 1 test from 1 cases ran.
[32m[  PASSED  ] [m1 test.
<end of output>
Test time =   0.01 sec
----------------------------------------------------------
Test Passed.
"i32_rem_s_unittest" end time: Sep 27 18:47 CST
"i32_rem_s_unittest" time elapsed: 00:00:00
----------------------------------------------------------

24/233 Testing: i32_rem_u_unittest
24/233 Test: i32_rem_u_unittest
Command: "/Users/liqinghua/git/wasmLearning/WasmVM/cmake-build-debug/test/unittests/lib/core/runtime/i32_rem_u_unittest"
Directory: /Users/liqinghua/git/wasmLearning/WasmVM/cmake-build-debug/test/unittests/lib/core/runtime
"i32_rem_u_unittest" start time: Sep 27 18:47 CST
Output:
----------------------------------------------------------
[36m[  skypat  ] Running 1 tests from 1 cases.
[32m[----------] [33m1 test from Runtime_i32_div_u.[m
[32m[ RUN      ] [37mRuntime_i32_div_u.regular[m
Push value i32 20
Push value i32 3
Pop value i32 3
Pop value i32 20
Push value i32 2
Pop value i32 2
Push value i32 -20
Push value i32 3
Pop value i32 3
Pop value i32 -20
Push value i32 2
Pop value i32 2
Push value i32 20
Push value i32 -3
Pop value i32 -3
Pop value i32 20
Push value i32 20
Pop value i32 20
Push value i32 15
Push value i32 1
Pop value i32 1
Pop value i32 15
Push value i32 0
Pop value i32 0
[32m[       OK ] 
[36m[==========] 1 test from 1 cases ran.
[32m[  PASSED  ] [m1 test.
<end of output>
Test time =   0.01 sec
----------------------------------------------------------
Test Passed.
"i32_rem_u_unittest" end time: Sep 27 18:47 CST
"i32_rem_u_unittest" time elapsed: 00:00:00
----------------------------------------------------------

25/233 Testing: i32_xor_unittest
25/233 Test: i32_xor_unittest
Command: "/Users/liqinghua/git/wasmLearning/WasmVM/cmake-build-debug/test/unittests/lib/core/runtime/i32_xor_unittest"
Directory: /Users/liqinghua/git/wasmLearning/WasmVM/cmake-build-debug/test/unittests/lib/core/runtime
"i32_xor_unittest" start time: Sep 27 18:47 CST
Output:
----------------------------------------------------------
[36m[  skypat  ] Running 1 tests from 1 cases.
[32m[----------] [33m1 test from Runtime_i32_xor.[m
[32m[ RUN      ] [37mRuntime_i32_xor.regular[m
Push value i32 4
Push value i32 5
Pop value i32 5
Pop value i32 4
Push value i32 1
Pop value i32 1
[32m[       OK ] 
[36m[==========] 1 test from 1 cases ran.
[32m[  PASSED  ] [m1 test.
<end of output>
Test time =   0.01 sec
----------------------------------------------------------
Test Passed.
"i32_xor_unittest" end time: Sep 27 18:47 CST
"i32_xor_unittest" time elapsed: 00:00:00
----------------------------------------------------------

26/233 Testing: i32_le_s_unittest
26/233 Test: i32_le_s_unittest
Command: "/Users/liqinghua/git/wasmLearning/WasmVM/cmake-build-debug/test/unittests/lib/core/runtime/i32_le_s_unittest"
Directory: /Users/liqinghua/git/wasmLearning/WasmVM/cmake-build-debug/test/unittests/lib/core/runtime
"i32_le_s_unittest" start time: Sep 27 18:47 CST
Output:
----------------------------------------------------------
[36m[  skypat  ] Running 1 tests from 1 cases.
[32m[----------] [33m1 test from Runtime_i32_le_s.[m
[32m[ RUN      ] [37mRuntime_i32_le_s.regular[m
Push value i32 20
Push value i32 3
Pop value i32 3
Pop value i32 20
Push value i32 0
Pop value i32 0
Push value i32 -20
Push value i32 3
Pop value i32 3
Pop value i32 -20
Push value i32 1
Pop value i32 1
Push value i32 20
Push value i32 -3
Pop value i32 -3
Pop value i32 20
Push value i32 0
Pop value i32 0
Push value i32 -20
Push value i32 -3
Pop value i32 -3
Pop value i32 -20
Push value i32 1
Pop value i32 1
Push value i32 -20
Push value i32 -3
Pop value i32 -3
Pop value i32 -20
Push value i32 1
Pop value i32 1
[32m[       OK ] 
[36m[==========] 1 test from 1 cases ran.
[32m[  PASSED  ] [m1 test.
<end of output>
Test time =   0.01 sec
----------------------------------------------------------
Test Passed.
"i32_le_s_unittest" end time: Sep 27 18:47 CST
"i32_le_s_unittest" time elapsed: 00:00:00
----------------------------------------------------------

27/233 Testing: i32_le_u_unittest
27/233 Test: i32_le_u_unittest
Command: "/Users/liqinghua/git/wasmLearning/WasmVM/cmake-build-debug/test/unittests/lib/core/runtime/i32_le_u_unittest"
Directory: /Users/liqinghua/git/wasmLearning/WasmVM/cmake-build-debug/test/unittests/lib/core/runtime
"i32_le_u_unittest" start time: Sep 27 18:47 CST
Output:
----------------------------------------------------------
[36m[  skypat  ] Running 1 tests from 1 cases.
[32m[----------] [33m1 test from Runtime_i32_le_u.[m
[32m[ RUN      ] [37mRuntime_i32_le_u.regular[m
Push value i32 20
Push value i32 3
Pop value i32 3
Pop value i32 20
Push value i32 0
Pop value i32 0
Push value i32 -20
Push value i32 3
Pop value i32 3
Pop value i32 -20
Push value i32 0
Pop value i32 0
Push value i32 20
Push value i32 -3
Pop value i32 -3
Pop value i32 20
Push value i32 1
Pop value i32 1
Push value i32 -20
Push value i32 -3
Pop value i32 -3
Pop value i32 -20
Push value i32 1
Pop value i32 1
Push value i32 -20
Push value i32 -3
Pop value i32 -3
Pop value i32 -20
Push value i32 1
Pop value i32 1
[32m[       OK ] 
[36m[==========] 1 test from 1 cases ran.
[32m[  PASSED  ] [m1 test.
<end of output>
Test time =   0.01 sec
----------------------------------------------------------
Test Passed.
"i32_le_u_unittest" end time: Sep 27 18:47 CST
"i32_le_u_unittest" time elapsed: 00:00:00
----------------------------------------------------------

28/233 Testing: i32_lt_s_unittest
28/233 Test: i32_lt_s_unittest
Command: "/Users/liqinghua/git/wasmLearning/WasmVM/cmake-build-debug/test/unittests/lib/core/runtime/i32_lt_s_unittest"
Directory: /Users/liqinghua/git/wasmLearning/WasmVM/cmake-build-debug/test/unittests/lib/core/runtime
"i32_lt_s_unittest" start time: Sep 27 18:47 CST
Output:
----------------------------------------------------------
[36m[  skypat  ] Running 1 tests from 1 cases.
[32m[----------] [33m1 test from Runtime_i32_lt_s.[m
[32m[ RUN      ] [37mRuntime_i32_lt_s.regular[m
Push value i32 20
Push value i32 3
Pop value i32 3
Pop value i32 20
Push value i32 0
Pop value i32 0
Push value i32 -20
Push value i32 3
Pop value i32 3
Pop value i32 -20
Push value i32 1
Pop value i32 1
Push value i32 20
Push value i32 -3
Pop value i32 -3
Pop value i32 20
Push value i32 0
Pop value i32 0
Push value i32 -20
Push value i32 -3
Pop value i32 -3
Pop value i32 -20
Push value i32 1
Pop value i32 1
Push value i32 -20
Push value i32 -20
Pop value i32 -20
Pop value i32 -20
Push value i32 0
Pop value i32 0
[32m[       OK ] 
[36m[==========] 1 test from 1 cases ran.
[32m[  PASSED  ] [m1 test.
<end of output>
Test time =   0.01 sec
----------------------------------------------------------
Test Passed.
"i32_lt_s_unittest" end time: Sep 27 18:47 CST
"i32_lt_s_unittest" time elapsed: 00:00:00
----------------------------------------------------------

29/233 Testing: i32_lt_u_unittest
29/233 Test: i32_lt_u_unittest
Command: "/Users/liqinghua/git/wasmLearning/WasmVM/cmake-build-debug/test/unittests/lib/core/runtime/i32_lt_u_unittest"
Directory: /Users/liqinghua/git/wasmLearning/WasmVM/cmake-build-debug/test/unittests/lib/core/runtime
"i32_lt_u_unittest" start time: Sep 27 18:47 CST
Output:
----------------------------------------------------------
[36m[  skypat  ] Running 1 tests from 1 cases.
[32m[----------] [33m1 test from Runtime_i32_lt_u.[m
[32m[ RUN      ] [37mRuntime_i32_lt_u.regular[m
Push value i32 20
Push value i32 3
Pop value i32 3
Pop value i32 20
Push value i32 0
Pop value i32 0
Push value i32 -20
Push value i32 3
Pop value i32 3
Pop value i32 -20
Push value i32 0
Pop value i32 0
Push value i32 20
Push value i32 -3
Pop value i32 -3
Pop value i32 20
Push value i32 1
Pop value i32 1
Push value i32 -20
Push value i32 -3
Pop value i32 -3
Pop value i32 -20
Push value i32 1
Pop value i32 1
Push value i32 -20
Push value i32 -20
Pop value i32 -20
Pop value i32 -20
Push value i32 0
Pop value i32 0
[32m[       OK ] 
[36m[==========] 1 test from 1 cases ran.
[32m[  PASSED  ] [m1 test.
<end of output>
Test time =   0.01 sec
----------------------------------------------------------
Test Passed.
"i32_lt_u_unittest" end time: Sep 27 18:47 CST
"i32_lt_u_unittest" time elapsed: 00:00:00
----------------------------------------------------------

30/233 Testing: i32_shr_u_unittest
30/233 Test: i32_shr_u_unittest
Command: "/Users/liqinghua/git/wasmLearning/WasmVM/cmake-build-debug/test/unittests/lib/core/runtime/i32_shr_u_unittest"
Directory: /Users/liqinghua/git/wasmLearning/WasmVM/cmake-build-debug/test/unittests/lib/core/runtime
"i32_shr_u_unittest" start time: Sep 27 18:47 CST
Output:
----------------------------------------------------------
[36m[  skypat  ] Running 1 tests from 1 cases.
[32m[----------] [33m1 test from Runtime_i32_shr_u.[m
[32m[ RUN      ] [37mRuntime_i32_shr_u.regular[m
Push value i32 -1876688807
Push value i32 2
Pop value i32 2
Pop value i32 -1876688807
Push value i32 604569622
Pop value i32 604569622
[32m[       OK ] 
[36m[==========] 1 test from 1 cases ran.
[32m[  PASSED  ] [m1 test.
<end of output>
Test time =   0.01 sec
----------------------------------------------------------
Test Passed.
"i32_shr_u_unittest" end time: Sep 27 18:47 CST
"i32_shr_u_unittest" time elapsed: 00:00:00
----------------------------------------------------------

31/233 Testing: i32_shr_s_unittest
31/233 Test: i32_shr_s_unittest
Command: "/Users/liqinghua/git/wasmLearning/WasmVM/cmake-build-debug/test/unittests/lib/core/runtime/i32_shr_s_unittest"
Directory: /Users/liqinghua/git/wasmLearning/WasmVM/cmake-build-debug/test/unittests/lib/core/runtime
"i32_shr_s_unittest" start time: Sep 27 18:47 CST
Output:
----------------------------------------------------------
[36m[  skypat  ] Running 2 tests from 2 cases.
[32m[----------] [33m1 test from Runtime_i32_shr_s_negative.[m
[32m[ RUN      ] [37mRuntime_i32_shr_s_negative.regular[m
Push value i32 -24
Push value i32 2
Pop value i32 2
Pop value i32 -24
Push value i32 -6
Pop value i32 -6
[32m[       OK ] 
[32m[----------] [33m1 test from Runtime_i32_shr_s_positive.[m
[32m[ RUN      ] [37mRuntime_i32_shr_s_positive.regular[m
Push value i32 104
Push value i32 2
Pop value i32 2
Pop value i32 104
Push value i32 26
Pop value i32 26
[32m[       OK ] 
[36m[==========] 2 tests from 2 cases ran.
[32m[  PASSED  ] [m2 tests.
<end of output>
Test time =   0.01 sec
----------------------------------------------------------
Test Passed.
"i32_shr_s_unittest" end time: Sep 27 18:47 CST
"i32_shr_s_unittest" time elapsed: 00:00:00
----------------------------------------------------------

32/233 Testing: i32_shl_unittest
32/233 Test: i32_shl_unittest
Command: "/Users/liqinghua/git/wasmLearning/WasmVM/cmake-build-debug/test/unittests/lib/core/runtime/i32_shl_unittest"
Directory: /Users/liqinghua/git/wasmLearning/WasmVM/cmake-build-debug/test/unittests/lib/core/runtime
"i32_shl_unittest" start time: Sep 27 18:47 CST
Output:
----------------------------------------------------------
[36m[  skypat  ] Running 1 tests from 1 cases.
[32m[----------] [33m1 test from Runtime_i32_shl.[m
[32m[ RUN      ] [37mRuntime_i32_shl.regular[m
Push value i32 22
Push value i32 3
Pop value i32 3
Pop value i32 22
Push value i32 176
Pop value i32 176
[32m[       OK ] 
[36m[==========] 1 test from 1 cases ran.
[32m[  PASSED  ] [m1 test.
<end of output>
Test time =   0.01 sec
----------------------------------------------------------
Test Passed.
"i32_shl_unittest" end time: Sep 27 18:47 CST
"i32_shl_unittest" time elapsed: 00:00:00
----------------------------------------------------------

33/233 Testing: i32_rotr_unittest
33/233 Test: i32_rotr_unittest
Command: "/Users/liqinghua/git/wasmLearning/WasmVM/cmake-build-debug/test/unittests/lib/core/runtime/i32_rotr_unittest"
Directory: /Users/liqinghua/git/wasmLearning/WasmVM/cmake-build-debug/test/unittests/lib/core/runtime
"i32_rotr_unittest" start time: Sep 27 18:47 CST
Output:
----------------------------------------------------------
[36m[  skypat  ] Running 1 tests from 1 cases.
[32m[----------] [33m1 test from Runtime_i32_rotr.[m
[32m[ RUN      ] [37mRuntime_i32_rotr.regular[m
Push value i32 -1585176031
Push value i32 2
Pop value i32 2
Pop value i32 -1585176031
Push value i32 1751189640
Pop value i32 1751189640
[32m[       OK ] 
[36m[==========] 1 test from 1 cases ran.
[32m[  PASSED  ] [m1 test.
<end of output>
Test time =   0.01 sec
----------------------------------------------------------
Test Passed.
"i32_rotr_unittest" end time: Sep 27 18:47 CST
"i32_rotr_unittest" time elapsed: 00:00:00
----------------------------------------------------------

34/233 Testing: i32_rotl_unittest
34/233 Test: i32_rotl_unittest
Command: "/Users/liqinghua/git/wasmLearning/WasmVM/cmake-build-debug/test/unittests/lib/core/runtime/i32_rotl_unittest"
Directory: /Users/liqinghua/git/wasmLearning/WasmVM/cmake-build-debug/test/unittests/lib/core/runtime
"i32_rotl_unittest" start time: Sep 27 18:47 CST
Output:
----------------------------------------------------------
[36m[  skypat  ] Running 1 tests from 1 cases.
[32m[----------] [33m1 test from Runtime_i32_rotl.[m
[32m[ RUN      ] [37mRuntime_i32_rotl.regular[m
Push value i32 -2147483622
Push value i32 2
Pop value i32 2
Pop value i32 -2147483622
Push value i32 106
Pop value i32 106
[32m[       OK ] 
[36m[==========] 1 test from 1 cases ran.
[32m[  PASSED  ] [m1 test.
<end of output>
Test time =   0.01 sec
----------------------------------------------------------
Test Passed.
"i32_rotl_unittest" end time: Sep 27 18:47 CST
"i32_rotl_unittest" time elapsed: 00:00:00
----------------------------------------------------------

35/233 Testing: i32_eqz_unittest
35/233 Test: i32_eqz_unittest
Command: "/Users/liqinghua/git/wasmLearning/WasmVM/cmake-build-debug/test/unittests/lib/core/runtime/i32_eqz_unittest"
Directory: /Users/liqinghua/git/wasmLearning/WasmVM/cmake-build-debug/test/unittests/lib/core/runtime
"i32_eqz_unittest" start time: Sep 27 18:47 CST
Output:
----------------------------------------------------------
[36m[  skypat  ] Running 1 tests from 1 cases.
[32m[----------] [33m1 test from Runtime_i32_eqz.[m
[32m[ RUN      ] [37mRuntime_i32_eqz.regular[m
Push value i32 10
Pop value i32 10
Push value i32 0
Pop value i32 0
Push value i32 -10
Pop value i32 -10
Push value i32 0
Pop value i32 0
Push value i32 0
Pop value i32 0
Push value i32 1
Pop value i32 1
[32m[       OK ] 
[36m[==========] 1 test from 1 cases ran.
[32m[  PASSED  ] [m1 test.
<end of output>
Test time =   0.01 sec
----------------------------------------------------------
Test Passed.
"i32_eqz_unittest" end time: Sep 27 18:47 CST
"i32_eqz_unittest" time elapsed: 00:00:00
----------------------------------------------------------

36/233 Testing: i64_const_unittest
36/233 Test: i64_const_unittest
Command: "/Users/liqinghua/git/wasmLearning/WasmVM/cmake-build-debug/test/unittests/lib/core/runtime/i64_const_unittest"
Directory: /Users/liqinghua/git/wasmLearning/WasmVM/cmake-build-debug/test/unittests/lib/core/runtime
"i64_const_unittest" start time: Sep 27 18:47 CST
Output:
----------------------------------------------------------
[36m[  skypat  ] Running 1 tests from 1 cases.
[32m[----------] [33m1 test from Runtime_i64_const.[m
[32m[ RUN      ] [37mRuntime_i64_const.regular[m
Push value i64 10
Pop value i64 10
[32m[       OK ] 
[36m[==========] 1 test from 1 cases ran.
[32m[  PASSED  ] [m1 test.
<end of output>
Test time =   0.01 sec
----------------------------------------------------------
Test Passed.
"i64_const_unittest" end time: Sep 27 18:47 CST
"i64_const_unittest" time elapsed: 00:00:00
----------------------------------------------------------

37/233 Testing: i64_clz_unittest
37/233 Test: i64_clz_unittest
Command: "/Users/liqinghua/git/wasmLearning/WasmVM/cmake-build-debug/test/unittests/lib/core/runtime/i64_clz_unittest"
Directory: /Users/liqinghua/git/wasmLearning/WasmVM/cmake-build-debug/test/unittests/lib/core/runtime
"i64_clz_unittest" start time: Sep 27 18:47 CST
Output:
----------------------------------------------------------
[36m[  skypat  ] Running 1 tests from 1 cases.
[32m[----------] [33m1 test from Runtime_i64_clz.[m
[32m[ RUN      ] [37mRuntime_i64_clz.regular[m
Push value i64 10
Pop value i64 10
Push value i64 60
Pop value i64 60
[32m[       OK ] 
[36m[==========] 1 test from 1 cases ran.
[32m[  PASSED  ] [m1 test.
<end of output>
Test time =   0.00 sec
----------------------------------------------------------
Test Passed.
"i64_clz_unittest" end time: Sep 27 18:47 CST
"i64_clz_unittest" time elapsed: 00:00:00
----------------------------------------------------------

38/233 Testing: i64_ctz_unittest
38/233 Test: i64_ctz_unittest
Command: "/Users/liqinghua/git/wasmLearning/WasmVM/cmake-build-debug/test/unittests/lib/core/runtime/i64_ctz_unittest"
Directory: /Users/liqinghua/git/wasmLearning/WasmVM/cmake-build-debug/test/unittests/lib/core/runtime
"i64_ctz_unittest" start time: Sep 27 18:47 CST
Output:
----------------------------------------------------------
[36m[  skypat  ] Running 1 tests from 1 cases.
[32m[----------] [33m1 test from Runtime_i64_ctz.[m
[32m[ RUN      ] [37mRuntime_i64_ctz.regular[m
Push value i64 8388608
Pop value i64 8388608
Push value i64 22
Pop value i64 22
[32m[       OK ] 
[36m[==========] 1 test from 1 cases ran.
[32m[  PASSED  ] [m1 test.
<end of output>
Test time =   0.01 sec
----------------------------------------------------------
Test Passed.
"i64_ctz_unittest" end time: Sep 27 18:47 CST
"i64_ctz_unittest" time elapsed: 00:00:00
----------------------------------------------------------

39/233 Testing: i64_eqz_unittest
39/233 Test: i64_eqz_unittest
Command: "/Users/liqinghua/git/wasmLearning/WasmVM/cmake-build-debug/test/unittests/lib/core/runtime/i64_eqz_unittest"
Directory: /Users/liqinghua/git/wasmLearning/WasmVM/cmake-build-debug/test/unittests/lib/core/runtime
"i64_eqz_unittest" start time: Sep 27 18:47 CST
Output:
----------------------------------------------------------
[36m[  skypat  ] Running 1 tests from 1 cases.
[32m[----------] [33m1 test from Runtime_i64_eqz.[m
[32m[ RUN      ] [37mRuntime_i64_eqz.regular[m
Push value i64 10
Pop value i64 10
Push value i64 0
Pop value i64 0
Push value i64 -10
Pop value i64 -10
Push value i64 0
Pop value i64 0
Push value i64 0
Pop value i64 0
Push value i64 1
Pop value i64 1
[32m[       OK ] 
[36m[==========] 1 test from 1 cases ran.
[32m[  PASSED  ] [m1 test.
<end of output>
Test time =   0.01 sec
----------------------------------------------------------
Test Passed.
"i64_eqz_unittest" end time: Sep 27 18:47 CST
"i64_eqz_unittest" time elapsed: 00:00:00
----------------------------------------------------------

40/233 Testing: i64_popcnt_unittest
40/233 Test: i64_popcnt_unittest
Command: "/Users/liqinghua/git/wasmLearning/WasmVM/cmake-build-debug/test/unittests/lib/core/runtime/i64_popcnt_unittest"
Directory: /Users/liqinghua/git/wasmLearning/WasmVM/cmake-build-debug/test/unittests/lib/core/runtime
"i64_popcnt_unittest" start time: Sep 27 18:47 CST
Output:
----------------------------------------------------------
[36m[  skypat  ] Running 1 tests from 1 cases.
[32m[----------] [33m1 test from Runtime_i64_popcnt.[m
[32m[ RUN      ] [37mRuntime_i64_popcnt.regular[m
Push value i64 -1
Pop value i64 -1
Push value i64 64
Pop value i64 64
[32m[       OK ] 
[36m[==========] 1 test from 1 cases ran.
[32m[  PASSED  ] [m1 test.
<end of output>
Test time =   0.01 sec
----------------------------------------------------------
Test Passed.
"i64_popcnt_unittest" end time: Sep 27 18:47 CST
"i64_popcnt_unittest" time elapsed: 00:00:00
----------------------------------------------------------

41/233 Testing: i64_add_unittest
41/233 Test: i64_add_unittest
Command: "/Users/liqinghua/git/wasmLearning/WasmVM/cmake-build-debug/test/unittests/lib/core/runtime/i64_add_unittest"
Directory: /Users/liqinghua/git/wasmLearning/WasmVM/cmake-build-debug/test/unittests/lib/core/runtime
"i64_add_unittest" start time: Sep 27 18:47 CST
Output:
----------------------------------------------------------
[36m[  skypat  ] Running 1 tests from 1 cases.
[32m[----------] [33m1 test from Runtime_i64_add.[m
[32m[ RUN      ] [37mRuntime_i64_add.regular[m
Push value i64 20000000000000000
Push value i64 20000000000000010
Pop value i64 20000000000000010
Pop value i64 20000000000000000
Push value i64 40000000000000010
Pop value i64 40000000000000010
[32m[       OK ] 
[36m[==========] 1 test from 1 cases ran.
[32m[  PASSED  ] [m1 test.
<end of output>
Test time =   0.01 sec
----------------------------------------------------------
Test Passed.
"i64_add_unittest" end time: Sep 27 18:47 CST
"i64_add_unittest" time elapsed: 00:00:00
----------------------------------------------------------

42/233 Testing: i64_sub_unittest
42/233 Test: i64_sub_unittest
Command: "/Users/liqinghua/git/wasmLearning/WasmVM/cmake-build-debug/test/unittests/lib/core/runtime/i64_sub_unittest"
Directory: /Users/liqinghua/git/wasmLearning/WasmVM/cmake-build-debug/test/unittests/lib/core/runtime
"i64_sub_unittest" start time: Sep 27 18:47 CST
Output:
----------------------------------------------------------
[36m[  skypat  ] Running 1 tests from 1 cases.
[32m[----------] [33m1 test from Runtime_i64_sub.[m
[32m[ RUN      ] [37mRuntime_i64_sub.regular[m
Push value i64 20000000000000020
Push value i64 20000000000000010
Pop value i64 20000000000000010
Pop value i64 20000000000000020
Push value i64 10
Pop value i64 10
[32m[       OK ] 
[36m[==========] 1 test from 1 cases ran.
[32m[  PASSED  ] [m1 test.
<end of output>
Test time =   0.01 sec
----------------------------------------------------------
Test Passed.
"i64_sub_unittest" end time: Sep 27 18:47 CST
"i64_sub_unittest" time elapsed: 00:00:00
----------------------------------------------------------

43/233 Testing: i64_mul_unittest
43/233 Test: i64_mul_unittest
Command: "/Users/liqinghua/git/wasmLearning/WasmVM/cmake-build-debug/test/unittests/lib/core/runtime/i64_mul_unittest"
Directory: /Users/liqinghua/git/wasmLearning/WasmVM/cmake-build-debug/test/unittests/lib/core/runtime
"i64_mul_unittest" start time: Sep 27 18:47 CST
Output:
----------------------------------------------------------
[36m[  skypat  ] Running 1 tests from 1 cases.
[32m[----------] [33m1 test from Runtime_i64_mul.[m
[32m[ RUN      ] [37mRuntime_i64_mul.regular[m
Push value i64 11
Push value i64 13
Pop value i64 13
Pop value i64 11
Push value i64 143
Pop value i64 143
[32m[       OK ] 
[36m[==========] 1 test from 1 cases ran.
[32m[  PASSED  ] [m1 test.
<end of output>
Test time =   0.01 sec
----------------------------------------------------------
Test Passed.
"i64_mul_unittest" end time: Sep 27 18:47 CST
"i64_mul_unittest" time elapsed: 00:00:00
----------------------------------------------------------

44/233 Testing: i64_div_s_unittest
44/233 Test: i64_div_s_unittest
Command: "/Users/liqinghua/git/wasmLearning/WasmVM/cmake-build-debug/test/unittests/lib/core/runtime/i64_div_s_unittest"
Directory: /Users/liqinghua/git/wasmLearning/WasmVM/cmake-build-debug/test/unittests/lib/core/runtime
"i64_div_s_unittest" start time: Sep 27 18:47 CST
Output:
----------------------------------------------------------
[36m[  skypat  ] Running 1 tests from 1 cases.
[32m[----------] [33m1 test from Runtime_i64_div_s.[m
[32m[ RUN      ] [37mRuntime_i64_div_s.regular[m
Push value i64 21
Push value i64 -3
Pop value i64 -3
Pop value i64 21
Push value i64 -7
Pop value i64 -7
[32m[       OK ] 
[36m[==========] 1 test from 1 cases ran.
[32m[  PASSED  ] [m1 test.
<end of output>
Test time =   0.01 sec
----------------------------------------------------------
Test Passed.
"i64_div_s_unittest" end time: Sep 27 18:47 CST
"i64_div_s_unittest" time elapsed: 00:00:00
----------------------------------------------------------

45/233 Testing: i64_div_u_unittest
45/233 Test: i64_div_u_unittest
Command: "/Users/liqinghua/git/wasmLearning/WasmVM/cmake-build-debug/test/unittests/lib/core/runtime/i64_div_u_unittest"
Directory: /Users/liqinghua/git/wasmLearning/WasmVM/cmake-build-debug/test/unittests/lib/core/runtime
"i64_div_u_unittest" start time: Sep 27 18:47 CST
Output:
----------------------------------------------------------
[36m[  skypat  ] Running 1 tests from 1 cases.
[32m[----------] [33m1 test from Runtime_i64_div_u.[m
[32m[ RUN      ] [37mRuntime_i64_div_u.regular[m
Push value i64 20
Push value i64 -3
Pop value i64 -3
Pop value i64 20
Push value i64 0
Pop value i64 0
[32m[       OK ] 
[36m[==========] 1 test from 1 cases ran.
[32m[  PASSED  ] [m1 test.
<end of output>
Test time =   0.01 sec
----------------------------------------------------------
Test Passed.
"i64_div_u_unittest" end time: Sep 27 18:47 CST
"i64_div_u_unittest" time elapsed: 00:00:00
----------------------------------------------------------

46/233 Testing: i64_rem_s_unittest
46/233 Test: i64_rem_s_unittest
Command: "/Users/liqinghua/git/wasmLearning/WasmVM/cmake-build-debug/test/unittests/lib/core/runtime/i64_rem_s_unittest"
Directory: /Users/liqinghua/git/wasmLearning/WasmVM/cmake-build-debug/test/unittests/lib/core/runtime
"i64_rem_s_unittest" start time: Sep 27 18:47 CST
Output:
----------------------------------------------------------
[36m[  skypat  ] Running 1 tests from 1 cases.
[32m[----------] [33m1 test from Runtime_i64_rem_s.[m
[32m[ RUN      ] [37mRuntime_i64_rem_s.regular[m
Push value i64 20
Push value i64 3
Pop value i64 3
Pop value i64 20
Push value i64 2
Pop value i64 2
Push value i64 -20
Push value i64 3
Pop value i64 3
Pop value i64 -20
Push value i64 -2
Pop value i64 -2
Push value i64 20
Push value i64 -3
Pop value i64 -3
Pop value i64 20
Push value i64 2
Pop value i64 2
Push value i64 15
Push value i64 1
Pop value i64 1
Pop value i64 15
Push value i64 0
Pop value i64 0
[32m[       OK ] 
[36m[==========] 1 test from 1 cases ran.
[32m[  PASSED  ] [m1 test.
<end of output>
Test time =   0.01 sec
----------------------------------------------------------
Test Passed.
"i64_rem_s_unittest" end time: Sep 27 18:47 CST
"i64_rem_s_unittest" time elapsed: 00:00:00
----------------------------------------------------------

47/233 Testing: i64_rem_u_unittest
47/233 Test: i64_rem_u_unittest
Command: "/Users/liqinghua/git/wasmLearning/WasmVM/cmake-build-debug/test/unittests/lib/core/runtime/i64_rem_u_unittest"
Directory: /Users/liqinghua/git/wasmLearning/WasmVM/cmake-build-debug/test/unittests/lib/core/runtime
"i64_rem_u_unittest" start time: Sep 27 18:47 CST
Output:
----------------------------------------------------------
[36m[  skypat  ] Running 1 tests from 1 cases.
[32m[----------] [33m1 test from Runtime_i64_div_u.[m
[32m[ RUN      ] [37mRuntime_i64_div_u.regular[m
Push value i64 20
Push value i64 3
Pop value i64 3
Pop value i64 20
Push value i64 2
Pop value i64 2
Push value i64 -20
Push value i64 3
Pop value i64 3
Pop value i64 -20
Push value i64 2
Pop value i64 2
Push value i64 20
Push value i64 -3
Pop value i64 -3
Pop value i64 20
Push value i64 20
Pop value i64 20
Push value i64 15
Push value i64 1
Pop value i64 1
Pop value i64 15
Push value i64 0
Pop value i64 0
[32m[       OK ] 
[36m[==========] 1 test from 1 cases ran.
[32m[  PASSED  ] [m1 test.
<end of output>
Test time =   0.01 sec
----------------------------------------------------------
Test Passed.
"i64_rem_u_unittest" end time: Sep 27 18:47 CST
"i64_rem_u_unittest" time elapsed: 00:00:00
----------------------------------------------------------

48/233 Testing: i64_and_unittest
48/233 Test: i64_and_unittest
Command: "/Users/liqinghua/git/wasmLearning/WasmVM/cmake-build-debug/test/unittests/lib/core/runtime/i64_and_unittest"
Directory: /Users/liqinghua/git/wasmLearning/WasmVM/cmake-build-debug/test/unittests/lib/core/runtime
"i64_and_unittest" start time: Sep 27 18:47 CST
Output:
----------------------------------------------------------
[36m[  skypat  ] Running 1 tests from 1 cases.
[32m[----------] [33m1 test from Runtime_i64_and.[m
[32m[ RUN      ] [37mRuntime_i64_and.regular[m
Push value i64 5
Push value i64 3
Pop value i64 3
Pop value i64 5
Push value i64 1
Pop value i64 1
[32m[       OK ] 
[36m[==========] 1 test from 1 cases ran.
[32m[  PASSED  ] [m1 test.
<end of output>
Test time =   0.01 sec
----------------------------------------------------------
Test Passed.
"i64_and_unittest" end time: Sep 27 18:47 CST
"i64_and_unittest" time elapsed: 00:00:00
----------------------------------------------------------

49/233 Testing: i64_or_unittest
49/233 Test: i64_or_unittest
Command: "/Users/liqinghua/git/wasmLearning/WasmVM/cmake-build-debug/test/unittests/lib/core/runtime/i64_or_unittest"
Directory: /Users/liqinghua/git/wasmLearning/WasmVM/cmake-build-debug/test/unittests/lib/core/runtime
"i64_or_unittest" start time: Sep 27 18:47 CST
Output:
----------------------------------------------------------
[36m[  skypat  ] Running 1 tests from 1 cases.
[32m[----------] [33m1 test from Runtime_i64_or.[m
[32m[ RUN      ] [37mRuntime_i64_or.regular[m
Push value i64 12
Push value i64 10
Pop value i64 10
Pop value i64 12
Push value i64 14
Pop value i64 14
[32m[       OK ] 
[36m[==========] 1 test from 1 cases ran.
[32m[  PASSED  ] [m1 test.
<end of output>
Test time =   0.01 sec
----------------------------------------------------------
Test Passed.
"i64_or_unittest" end time: Sep 27 18:47 CST
"i64_or_unittest" time elapsed: 00:00:00
----------------------------------------------------------

50/233 Testing: i64_xor_unittest
50/233 Test: i64_xor_unittest
Command: "/Users/liqinghua/git/wasmLearning/WasmVM/cmake-build-debug/test/unittests/lib/core/runtime/i64_xor_unittest"
Directory: /Users/liqinghua/git/wasmLearning/WasmVM/cmake-build-debug/test/unittests/lib/core/runtime
"i64_xor_unittest" start time: Sep 27 18:47 CST
Output:
----------------------------------------------------------
[36m[  skypat  ] Running 1 tests from 1 cases.
[32m[----------] [33m1 test from Runtime_i64_xor.[m
[32m[ RUN      ] [37mRuntime_i64_xor.regular[m
Push value i64 4
Push value i64 5
Pop value i64 5
Pop value i64 4
Push value i64 1
Pop value i64 1
[32m[       OK ] 
[36m[==========] 1 test from 1 cases ran.
[32m[  PASSED  ] [m1 test.
<end of output>
Test time =   0.01 sec
----------------------------------------------------------
Test Passed.
"i64_xor_unittest" end time: Sep 27 18:47 CST
"i64_xor_unittest" time elapsed: 00:00:00
----------------------------------------------------------

51/233 Testing: i64_shl_unittest
51/233 Test: i64_shl_unittest
Command: "/Users/liqinghua/git/wasmLearning/WasmVM/cmake-build-debug/test/unittests/lib/core/runtime/i64_shl_unittest"
Directory: /Users/liqinghua/git/wasmLearning/WasmVM/cmake-build-debug/test/unittests/lib/core/runtime
"i64_shl_unittest" start time: Sep 27 18:47 CST
Output:
----------------------------------------------------------
[36m[  skypat  ] Running 1 tests from 1 cases.
[32m[----------] [33m1 test from Runtime_i64_shl.[m
[32m[ RUN      ] [37mRuntime_i64_shl.regular[m
Push value i64 22
Push value i64 3
Pop value i64 3
Pop value i64 22
Push value i64 176
Pop value i64 176
[32m[       OK ] 
[36m[==========] 1 test from 1 cases ran.
[32m[  PASSED  ] [m1 test.
<end of output>
Test time =   0.01 sec
----------------------------------------------------------
Test Passed.
"i64_shl_unittest" end time: Sep 27 18:47 CST
"i64_shl_unittest" time elapsed: 00:00:00
----------------------------------------------------------

52/233 Testing: i64_shr_u_unittest
52/233 Test: i64_shr_u_unittest
Command: "/Users/liqinghua/git/wasmLearning/WasmVM/cmake-build-debug/test/unittests/lib/core/runtime/i64_shr_u_unittest"
Directory: /Users/liqinghua/git/wasmLearning/WasmVM/cmake-build-debug/test/unittests/lib/core/runtime
"i64_shr_u_unittest" start time: Sep 27 18:47 CST
Output:
----------------------------------------------------------
[36m[  skypat  ] Running 1 tests from 1 cases.
[32m[----------] [33m1 test from Runtime_i64_shr_u.[m
[32m[ RUN      ] [37mRuntime_i64_shr_u.regular[m
Push value i64 -9223372036854775808
Push value i64 32
Pop value i64 32
Pop value i64 -9223372036854775808
Push value i64 2147483648
Pop value i64 2147483648
[32m[       OK ] 
[36m[==========] 1 test from 1 cases ran.
[32m[  PASSED  ] [m1 test.
<end of output>
Test time =   0.01 sec
----------------------------------------------------------
Test Passed.
"i64_shr_u_unittest" end time: Sep 27 18:47 CST
"i64_shr_u_unittest" time elapsed: 00:00:00
----------------------------------------------------------

53/233 Testing: i64_shr_s_unittest
53/233 Test: i64_shr_s_unittest
Command: "/Users/liqinghua/git/wasmLearning/WasmVM/cmake-build-debug/test/unittests/lib/core/runtime/i64_shr_s_unittest"
Directory: /Users/liqinghua/git/wasmLearning/WasmVM/cmake-build-debug/test/unittests/lib/core/runtime
"i64_shr_s_unittest" start time: Sep 27 18:47 CST
Output:
----------------------------------------------------------
[36m[  skypat  ] Running 2 tests from 2 cases.
[32m[----------] [33m1 test from Runtime_i64_shr_s_negative.[m
[32m[ RUN      ] [37mRuntime_i64_shr_s_negative.regular[m
Push value i64 -24
Push value i64 2
Pop value i64 2
Pop value i64 -24
Push value i64 -6
Pop value i64 -6
[32m[       OK ] 
[32m[----------] [33m1 test from Runtime_i64_shr_s_positive.[m
[32m[ RUN      ] [37mRuntime_i64_shr_s_positive.regular[m
Push value i64 104
Push value i64 2
Pop value i64 2
Pop value i64 104
Push value i64 26
Pop value i64 26
[32m[       OK ] 
[36m[==========] 2 tests from 2 cases ran.
[32m[  PASSED  ] [m2 tests.
<end of output>
Test time =   0.01 sec
----------------------------------------------------------
Test Passed.
"i64_shr_s_unittest" end time: Sep 27 18:47 CST
"i64_shr_s_unittest" time elapsed: 00:00:00
----------------------------------------------------------

54/233 Testing: i64_rotl_unittest
54/233 Test: i64_rotl_unittest
Command: "/Users/liqinghua/git/wasmLearning/WasmVM/cmake-build-debug/test/unittests/lib/core/runtime/i64_rotl_unittest"
Directory: /Users/liqinghua/git/wasmLearning/WasmVM/cmake-build-debug/test/unittests/lib/core/runtime
"i64_rotl_unittest" start time: Sep 27 18:47 CST
Output:
----------------------------------------------------------
[36m[  skypat  ] Running 1 tests from 1 cases.
[32m[----------] [33m1 test from Runtime_i64_rotl.[m
[32m[ RUN      ] [37mRuntime_i64_rotl.regular[m
Push value i64 -4611686018427387904
Push value i64 2
Pop value i64 2
Pop value i64 -4611686018427387904
Push value i64 3
Pop value i64 3
[32m[       OK ] 
[36m[==========] 1 test from 1 cases ran.
[32m[  PASSED  ] [m1 test.
<end of output>
Test time =   0.00 sec
----------------------------------------------------------
Test Passed.
"i64_rotl_unittest" end time: Sep 27 18:47 CST
"i64_rotl_unittest" time elapsed: 00:00:00
----------------------------------------------------------

55/233 Testing: i64_rotr_unittest
55/233 Test: i64_rotr_unittest
Command: "/Users/liqinghua/git/wasmLearning/WasmVM/cmake-build-debug/test/unittests/lib/core/runtime/i64_rotr_unittest"
Directory: /Users/liqinghua/git/wasmLearning/WasmVM/cmake-build-debug/test/unittests/lib/core/runtime
"i64_rotr_unittest" start time: Sep 27 18:47 CST
Output:
----------------------------------------------------------
[36m[  skypat  ] Running 1 tests from 1 cases.
[32m[----------] [33m1 test from Runtime_i64_rotl.[m
[32m[ RUN      ] [37mRuntime_i64_rotl.regular[m
Push value i64 3
Push value i64 2
Pop value i64 2
Pop value i64 3
Push value i64 -4611686018427387904
Pop value i64 -4611686018427387904
[32m[       OK ] 
[36m[==========] 1 test from 1 cases ran.
[32m[  PASSED  ] [m1 test.
<end of output>
Test time =   0.00 sec
----------------------------------------------------------
Test Passed.
"i64_rotr_unittest" end time: Sep 27 18:47 CST
"i64_rotr_unittest" time elapsed: 00:00:00
----------------------------------------------------------

56/233 Testing: i64_eq_unittest
56/233 Test: i64_eq_unittest
Command: "/Users/liqinghua/git/wasmLearning/WasmVM/cmake-build-debug/test/unittests/lib/core/runtime/i64_eq_unittest"
Directory: /Users/liqinghua/git/wasmLearning/WasmVM/cmake-build-debug/test/unittests/lib/core/runtime
"i64_eq_unittest" start time: Sep 27 18:47 CST
Output:
----------------------------------------------------------
[36m[  skypat  ] Running 1 tests from 1 cases.
[32m[----------] [33m1 test from Runtime_i64_eq.[m
[32m[ RUN      ] [37mRuntime_i64_eq.regular[m
Push value i64 10
Push value i64 10
Pop value i64 10
Pop value i64 10
Push value i64 1
Pop value i64 1
[32m[       OK ] 
[36m[==========] 1 test from 1 cases ran.
[32m[  PASSED  ] [m1 test.
<end of output>
Test time =   0.01 sec
----------------------------------------------------------
Test Passed.
"i64_eq_unittest" end time: Sep 27 18:47 CST
"i64_eq_unittest" time elapsed: 00:00:00
----------------------------------------------------------

57/233 Testing: i64_lt_s_unittest
57/233 Test: i64_lt_s_unittest
Command: "/Users/liqinghua/git/wasmLearning/WasmVM/cmake-build-debug/test/unittests/lib/core/runtime/i64_lt_s_unittest"
Directory: /Users/liqinghua/git/wasmLearning/WasmVM/cmake-build-debug/test/unittests/lib/core/runtime
"i64_lt_s_unittest" start time: Sep 27 18:47 CST
Output:
----------------------------------------------------------
[36m[  skypat  ] Running 1 tests from 1 cases.
[32m[----------] [33m1 test from Runtime_i64_lt_s.[m
[32m[ RUN      ] [37mRuntime_i64_lt_s.regular[m
Push value i64 20
Push value i64 3
Pop value i64 3
Pop value i64 20
Push value i64 0
Pop value i64 0
Push value i64 -20
Push value i64 3
Pop value i64 3
Pop value i64 -20
Push value i64 1
Pop value i64 1
Push value i64 20
Push value i64 -3
Pop value i64 -3
Pop value i64 20
Push value i64 0
Pop value i64 0
Push value i64 -20
Push value i64 -3
Pop value i64 -3
Pop value i64 -20
Push value i64 1
Pop value i64 1
Push value i64 -20
Push value i64 -20
Pop value i64 -20
Pop value i64 -20
Push value i64 0
Pop value i64 0
[32m[       OK ] 
[36m[==========] 1 test from 1 cases ran.
[32m[  PASSED  ] [m1 test.
<end of output>
Test time =   0.01 sec
----------------------------------------------------------
Test Passed.
"i64_lt_s_unittest" end time: Sep 27 18:47 CST
"i64_lt_s_unittest" time elapsed: 00:00:00
----------------------------------------------------------

58/233 Testing: i64_le_s_unittest
58/233 Test: i64_le_s_unittest
Command: "/Users/liqinghua/git/wasmLearning/WasmVM/cmake-build-debug/test/unittests/lib/core/runtime/i64_le_s_unittest"
Directory: /Users/liqinghua/git/wasmLearning/WasmVM/cmake-build-debug/test/unittests/lib/core/runtime
"i64_le_s_unittest" start time: Sep 27 18:47 CST
Output:
----------------------------------------------------------
[36m[  skypat  ] Running 1 tests from 1 cases.
[32m[----------] [33m1 test from Runtime_i64_le_s.[m
[32m[ RUN      ] [37mRuntime_i64_le_s.regular[m
Push value i64 20
Push value i64 3
Pop value i64 3
Pop value i64 20
Push value i64 0
Pop value i64 0
Push value i64 -20
Push value i64 3
Pop value i64 3
Pop value i64 -20
Push value i64 1
Pop value i64 1
Push value i64 20
Push value i64 -3
Pop value i64 -3
Pop value i64 20
Push value i64 0
Pop value i64 0
Push value i64 -20
Push value i64 -3
Pop value i64 -3
Pop value i64 -20
Push value i64 1
Pop value i64 1
Push value i64 -20
Push value i64 -3
Pop value i64 -3
Pop value i64 -20
Push value i64 1
Pop value i64 1
[32m[       OK ] 
[36m[==========] 1 test from 1 cases ran.
[32m[  PASSED  ] [m1 test.
<end of output>
Test time =   0.01 sec
----------------------------------------------------------
Test Passed.
"i64_le_s_unittest" end time: Sep 27 18:47 CST
"i64_le_s_unittest" time elapsed: 00:00:00
----------------------------------------------------------

59/233 Testing: i64_lt_u_unittest
59/233 Test: i64_lt_u_unittest
Command: "/Users/liqinghua/git/wasmLearning/WasmVM/cmake-build-debug/test/unittests/lib/core/runtime/i64_lt_u_unittest"
Directory: /Users/liqinghua/git/wasmLearning/WasmVM/cmake-build-debug/test/unittests/lib/core/runtime
"i64_lt_u_unittest" start time: Sep 27 18:47 CST
Output:
----------------------------------------------------------
[36m[  skypat  ] Running 1 tests from 1 cases.
[32m[----------] [33m1 test from Runtime_i64_lt_u.[m
[32m[ RUN      ] [37mRuntime_i64_lt_u.regular[m
Push value i64 20
Push value i64 3
Pop value i64 3
Pop value i64 20
Push value i64 0
Pop value i64 0
Push value i64 -20
Push value i64 3
Pop value i64 3
Pop value i64 -20
Push value i64 0
Pop value i64 0
Push value i64 20
Push value i64 -3
Pop value i64 -3
Pop value i64 20
Push value i64 1
Pop value i64 1
Push value i64 -20
Push value i64 -3
Pop value i64 -3
Pop value i64 -20
Push value i64 1
Pop value i64 1
Push value i64 -20
Push value i64 -20
Pop value i64 -20
Pop value i64 -20
Push value i64 0
Pop value i64 0
[32m[       OK ] 
[36m[==========] 1 test from 1 cases ran.
[32m[  PASSED  ] [m1 test.
<end of output>
Test time =   0.01 sec
----------------------------------------------------------
Test Passed.
"i64_lt_u_unittest" end time: Sep 27 18:47 CST
"i64_lt_u_unittest" time elapsed: 00:00:00
----------------------------------------------------------

60/233 Testing: i64_le_u_unittest
60/233 Test: i64_le_u_unittest
Command: "/Users/liqinghua/git/wasmLearning/WasmVM/cmake-build-debug/test/unittests/lib/core/runtime/i64_le_u_unittest"
Directory: /Users/liqinghua/git/wasmLearning/WasmVM/cmake-build-debug/test/unittests/lib/core/runtime
"i64_le_u_unittest" start time: Sep 27 18:47 CST
Output:
----------------------------------------------------------
[36m[  skypat  ] Running 1 tests from 1 cases.
[32m[----------] [33m1 test from Runtime_i64_le_u.[m
[32m[ RUN      ] [37mRuntime_i64_le_u.regular[m
Push value i64 20
Push value i64 3
Pop value i64 3
Pop value i64 20
Push value i64 0
Pop value i64 0
Push value i64 -20
Push value i64 3
Pop value i64 3
Pop value i64 -20
Push value i64 0
Pop value i64 0
Push value i64 20
Push value i64 -3
Pop value i64 -3
Pop value i64 20
Push value i64 1
Pop value i64 1
Push value i64 -20
Push value i64 -3
Pop value i64 -3
Pop value i64 -20
Push value i64 1
Pop value i64 1
Push value i64 -20
Push value i64 -3
Pop value i64 -3
Pop value i64 -20
Push value i64 1
Pop value i64 1
[32m[       OK ] 
[36m[==========] 1 test from 1 cases ran.
[32m[  PASSED  ] [m1 test.
<end of output>
Test time =   0.01 sec
----------------------------------------------------------
Test Passed.
"i64_le_u_unittest" end time: Sep 27 18:47 CST
"i64_le_u_unittest" time elapsed: 00:00:00
----------------------------------------------------------

61/233 Testing: i64_gt_s_unittest
61/233 Test: i64_gt_s_unittest
Command: "/Users/liqinghua/git/wasmLearning/WasmVM/cmake-build-debug/test/unittests/lib/core/runtime/i64_gt_s_unittest"
Directory: /Users/liqinghua/git/wasmLearning/WasmVM/cmake-build-debug/test/unittests/lib/core/runtime
"i64_gt_s_unittest" start time: Sep 27 18:47 CST
Output:
----------------------------------------------------------
[36m[  skypat  ] Running 1 tests from 1 cases.
[32m[----------] [33m1 test from Runtime_i64_gt_s.[m
[32m[ RUN      ] [37mRuntime_i64_gt_s.regular[m
Push value i64 20
Push value i64 3
Pop value i64 3
Pop value i64 20
Push value i64 1
Pop value i64 1
Push value i64 -20
Push value i64 3
Pop value i64 3
Pop value i64 -20
Push value i64 0
Pop value i64 0
Push value i64 20
Push value i64 -3
Pop value i64 -3
Pop value i64 20
Push value i64 1
Pop value i64 1
Push value i64 -20
Push value i64 -3
Pop value i64 -3
Pop value i64 -20
Push value i64 0
Pop value i64 0
[32m[       OK ] 
[36m[==========] 1 test from 1 cases ran.
[32m[  PASSED  ] [m1 test.
<end of output>
Test time =   0.01 sec
----------------------------------------------------------
Test Passed.
"i64_gt_s_unittest" end time: Sep 27 18:47 CST
"i64_gt_s_unittest" time elapsed: 00:00:00
----------------------------------------------------------

62/233 Testing: i64_ge_s_unittest
62/233 Test: i64_ge_s_unittest
Command: "/Users/liqinghua/git/wasmLearning/WasmVM/cmake-build-debug/test/unittests/lib/core/runtime/i64_ge_s_unittest"
Directory: /Users/liqinghua/git/wasmLearning/WasmVM/cmake-build-debug/test/unittests/lib/core/runtime
"i64_ge_s_unittest" start time: Sep 27 18:47 CST
Output:
----------------------------------------------------------
[36m[  skypat  ] Running 1 tests from 1 cases.
[32m[----------] [33m1 test from Runtime_i64_ge_s.[m
[32m[ RUN      ] [37mRuntime_i64_ge_s.regular[m
Push value i64 -100
Push value i64 10
Pop value i64 10
Pop value i64 -100
Push value i64 0
Pop value i64 0
[32m[       OK ] 
[36m[==========] 1 test from 1 cases ran.
[32m[  PASSED  ] [m1 test.
<end of output>
Test time =   0.01 sec
----------------------------------------------------------
Test Passed.
"i64_ge_s_unittest" end time: Sep 27 18:47 CST
"i64_ge_s_unittest" time elapsed: 00:00:00
----------------------------------------------------------

63/233 Testing: i64_gt_u_unittest
63/233 Test: i64_gt_u_unittest
Command: "/Users/liqinghua/git/wasmLearning/WasmVM/cmake-build-debug/test/unittests/lib/core/runtime/i64_gt_u_unittest"
Directory: /Users/liqinghua/git/wasmLearning/WasmVM/cmake-build-debug/test/unittests/lib/core/runtime
"i64_gt_u_unittest" start time: Sep 27 18:47 CST
Output:
----------------------------------------------------------
[36m[  skypat  ] Running 1 tests from 1 cases.
[32m[----------] [33m1 test from Runtime_i64_gt_u.[m
[32m[ RUN      ] [37mRuntime_i64_gt_u.regular[m
Push value i64 20
Push value i64 3
Pop value i64 3
Pop value i64 20
Push value i64 1
Pop value i64 1
Push value i64 -20
Push value i64 3
Pop value i64 3
Pop value i64 -20
Push value i64 1
Pop value i64 1
Push value i64 20
Push value i64 -3
Pop value i64 -3
Pop value i64 20
Push value i64 0
Pop value i64 0
Push value i64 -20
Push value i64 -3
Pop value i64 -3
Pop value i64 -20
Push value i64 0
Pop value i64 0
[32m[       OK ] 
[36m[==========] 1 test from 1 cases ran.
[32m[  PASSED  ] [m1 test.
<end of output>
Test time =   0.01 sec
----------------------------------------------------------
Test Passed.
"i64_gt_u_unittest" end time: Sep 27 18:47 CST
"i64_gt_u_unittest" time elapsed: 00:00:00
----------------------------------------------------------

64/233 Testing: i64_ge_u_unittest
64/233 Test: i64_ge_u_unittest
Command: "/Users/liqinghua/git/wasmLearning/WasmVM/cmake-build-debug/test/unittests/lib/core/runtime/i64_ge_u_unittest"
Directory: /Users/liqinghua/git/wasmLearning/WasmVM/cmake-build-debug/test/unittests/lib/core/runtime
"i64_ge_u_unittest" start time: Sep 27 18:47 CST
Output:
----------------------------------------------------------
[36m[  skypat  ] Running 1 tests from 1 cases.
[32m[----------] [33m1 test from Runtime_i64_ge_u.[m
[32m[ RUN      ] [37mRuntime_i64_ge_u.regular[m
Push value i64 -100
Push value i64 10
Pop value i64 10
Pop value i64 -100
Push value i64 1
Pop value i64 1
[32m[       OK ] 
[36m[==========] 1 test from 1 cases ran.
[32m[  PASSED  ] [m1 test.
<end of output>
Test time =   0.02 sec
----------------------------------------------------------
Test Passed.
"i64_ge_u_unittest" end time: Sep 27 18:47 CST
"i64_ge_u_unittest" time elapsed: 00:00:00
----------------------------------------------------------

65/233 Testing: i32_wrap_i64_unittest
65/233 Test: i32_wrap_i64_unittest
Command: "/Users/liqinghua/git/wasmLearning/WasmVM/cmake-build-debug/test/unittests/lib/core/runtime/i32_wrap_i64_unittest"
Directory: /Users/liqinghua/git/wasmLearning/WasmVM/cmake-build-debug/test/unittests/lib/core/runtime
"i32_wrap_i64_unittest" start time: Sep 27 18:47 CST
Output:
----------------------------------------------------------
[36m[  skypat  ] Running 1 tests from 1 cases.
[32m[----------] [33m1 test from Runtime_i32_wrap_i64.[m
[32m[ RUN      ] [37mRuntime_i32_wrap_i64.regular[m
Push value i64 -20
Pop value i64 -20
Push value i32 -20
Pop value i32 -20
[32m[       OK ] 
[36m[==========] 1 test from 1 cases ran.
[32m[  PASSED  ] [m1 test.
<end of output>
Test time =   0.01 sec
----------------------------------------------------------
Test Passed.
"i32_wrap_i64_unittest" end time: Sep 27 18:47 CST
"i32_wrap_i64_unittest" time elapsed: 00:00:00
----------------------------------------------------------

66/233 Testing: i64_extend_s_i32_unittest
66/233 Test: i64_extend_s_i32_unittest
Command: "/Users/liqinghua/git/wasmLearning/WasmVM/cmake-build-debug/test/unittests/lib/core/runtime/i64_extend_s_i32_unittest"
Directory: /Users/liqinghua/git/wasmLearning/WasmVM/cmake-build-debug/test/unittests/lib/core/runtime
"i64_extend_s_i32_unittest" start time: Sep 27 18:47 CST
Output:
----------------------------------------------------------
[36m[  skypat  ] Running 1 tests from 1 cases.
[32m[----------] [33m1 test from Runtime_i64_extend_s_i32.[m
[32m[ RUN      ] [37mRuntime_i64_extend_s_i32.regular[m
Push value i32 -20
Pop value i32 -20
Push value i64 -20
Pop value i64 -20
[32m[       OK ] 
[36m[==========] 1 test from 1 cases ran.
[32m[  PASSED  ] [m1 test.
<end of output>
Test time =   0.01 sec
----------------------------------------------------------
Test Passed.
"i64_extend_s_i32_unittest" end time: Sep 27 18:47 CST
"i64_extend_s_i32_unittest" time elapsed: 00:00:00
----------------------------------------------------------

67/233 Testing: i64_extend_u_i32_unittest
67/233 Test: i64_extend_u_i32_unittest
Command: "/Users/liqinghua/git/wasmLearning/WasmVM/cmake-build-debug/test/unittests/lib/core/runtime/i64_extend_u_i32_unittest"
Directory: /Users/liqinghua/git/wasmLearning/WasmVM/cmake-build-debug/test/unittests/lib/core/runtime
"i64_extend_u_i32_unittest" start time: Sep 27 18:47 CST
Output:
----------------------------------------------------------
[36m[  skypat  ] Running 1 tests from 1 cases.
[32m[----------] [33m1 test from Runtime_i64_extend_u_i32.[m
[32m[ RUN      ] [37mRuntime_i64_extend_u_i32.regular[m
Push value i32 -1
Pop value i32 -1
Push value i64 4294967295
Pop value i64 4294967295
[32m[       OK ] 
[36m[==========] 1 test from 1 cases ran.
[32m[  PASSED  ] [m1 test.
<end of output>
Test time =   0.01 sec
----------------------------------------------------------
Test Passed.
"i64_extend_u_i32_unittest" end time: Sep 27 18:47 CST
"i64_extend_u_i32_unittest" time elapsed: 00:00:00
----------------------------------------------------------

68/233 Testing: i32_trunc_s_f32_unittest
68/233 Test: i32_trunc_s_f32_unittest
Command: "/Users/liqinghua/git/wasmLearning/WasmVM/cmake-build-debug/test/unittests/lib/core/runtime/i32_trunc_s_f32_unittest"
Directory: /Users/liqinghua/git/wasmLearning/WasmVM/cmake-build-debug/test/unittests/lib/core/runtime
"i32_trunc_s_f32_unittest" start time: Sep 27 18:47 CST
Output:
----------------------------------------------------------
[36m[  skypat  ] Running 1 tests from 1 cases.
[32m[----------] [33m1 test from Runtime_i32_trunc_s_f32.[m
[32m[ RUN      ] [37mRuntime_i32_trunc_s_f32.regular[m
Push value f32 -22.500000
Pop value f32 -22.500000
Push value i32 -22
Pop value i32 -22
[32m[       OK ] 
[36m[==========] 1 test from 1 cases ran.
[32m[  PASSED  ] [m1 test.
<end of output>
Test time =   0.01 sec
----------------------------------------------------------
Test Passed.
"i32_trunc_s_f32_unittest" end time: Sep 27 18:47 CST
"i32_trunc_s_f32_unittest" time elapsed: 00:00:00
----------------------------------------------------------

69/233 Testing: i32_trunc_s_f64_unittest
69/233 Test: i32_trunc_s_f64_unittest
Command: "/Users/liqinghua/git/wasmLearning/WasmVM/cmake-build-debug/test/unittests/lib/core/runtime/i32_trunc_s_f64_unittest"
Directory: /Users/liqinghua/git/wasmLearning/WasmVM/cmake-build-debug/test/unittests/lib/core/runtime
"i32_trunc_s_f64_unittest" start time: Sep 27 18:47 CST
Output:
----------------------------------------------------------
[36m[  skypat  ] Running 1 tests from 1 cases.
[32m[----------] [33m1 test from Runtime_i32_trunc_s_f64.[m
[32m[ RUN      ] [37mRuntime_i32_trunc_s_f64.regular[m
Push value f64 -22.500000
Pop value f64 -22.500000
Push value i32 -22
Pop value i32 -22
[32m[       OK ] 
[36m[==========] 1 test from 1 cases ran.
[32m[  PASSED  ] [m1 test.
<end of output>
Test time =   0.00 sec
----------------------------------------------------------
Test Passed.
"i32_trunc_s_f64_unittest" end time: Sep 27 18:47 CST
"i32_trunc_s_f64_unittest" time elapsed: 00:00:00
----------------------------------------------------------

70/233 Testing: i32_trunc_u_f32_unittest
70/233 Test: i32_trunc_u_f32_unittest
Command: "/Users/liqinghua/git/wasmLearning/WasmVM/cmake-build-debug/test/unittests/lib/core/runtime/i32_trunc_u_f32_unittest"
Directory: /Users/liqinghua/git/wasmLearning/WasmVM/cmake-build-debug/test/unittests/lib/core/runtime
"i32_trunc_u_f32_unittest" start time: Sep 27 18:47 CST
Output:
----------------------------------------------------------
[36m[  skypat  ] Running 1 tests from 1 cases.
[32m[----------] [33m1 test from Runtime_i32_trunc_u_f32.[m
[32m[ RUN      ] [37mRuntime_i32_trunc_u_f32.regular[m
Push value f32 -22.500000
Pop value f32 -22.500000
Push value i32 22
Pop value i32 22
Push value f32 22.500000
Pop value f32 22.500000
Push value i32 22
Pop value i32 22
[32m[       OK ] 
[36m[==========] 1 test from 1 cases ran.
[32m[  PASSED  ] [m1 test.
<end of output>
Test time =   0.01 sec
----------------------------------------------------------
Test Passed.
"i32_trunc_u_f32_unittest" end time: Sep 27 18:47 CST
"i32_trunc_u_f32_unittest" time elapsed: 00:00:00
----------------------------------------------------------

71/233 Testing: i32_trunc_u_f64_unittest
71/233 Test: i32_trunc_u_f64_unittest
Command: "/Users/liqinghua/git/wasmLearning/WasmVM/cmake-build-debug/test/unittests/lib/core/runtime/i32_trunc_u_f64_unittest"
Directory: /Users/liqinghua/git/wasmLearning/WasmVM/cmake-build-debug/test/unittests/lib/core/runtime
"i32_trunc_u_f64_unittest" start time: Sep 27 18:47 CST
Output:
----------------------------------------------------------
[36m[  skypat  ] Running 1 tests from 1 cases.
[32m[----------] [33m1 test from Runtime_i32_trunc_u_f64.[m
[32m[ RUN      ] [37mRuntime_i32_trunc_u_f64.regular[m
Push value f64 -22.500000
Pop value f64 -22.500000
Push value i32 22
Pop value i32 22
Push value f64 22.500000
Pop value f64 22.500000
Push value i32 22
Pop value i32 22
[32m[       OK ] 
[36m[==========] 1 test from 1 cases ran.
[32m[  PASSED  ] [m1 test.
<end of output>
Test time =   0.01 sec
----------------------------------------------------------
Test Passed.
"i32_trunc_u_f64_unittest" end time: Sep 27 18:47 CST
"i32_trunc_u_f64_unittest" time elapsed: 00:00:00
[...]
"validate_Instr_Control_unittest" time elapsed: 00:00:00
----------------------------------------------------------

220/233 Testing: validate_Instr_Numeric_unittest
220/233 Test: validate_Instr_Numeric_unittest
Command: "/Users/liqinghua/git/wasmLearning/WasmVM/cmake-build-debug/test/unittests/lib/validator/validate_Instr_Numeric_unittest"
Directory: /Users/liqinghua/git/wasmLearning/WasmVM/cmake-build-debug/test/unittests/lib/validator
"validate_Instr_Numeric_unittest" start time: Sep 27 18:47 CST
Output:
----------------------------------------------------------
[36m[  skypat  ] Running 10 tests from 6 cases.
[32m[----------] [33m1 test from Validate_Instr_const.[m
[32m[ RUN      ] [37mValidate_Instr_const.valid[m
[32m[       OK ] 
[32m[----------] [33m2 tests from validate_Instr_binop.[m
[32m[ RUN      ] [37mvalidate_Instr_binop.valid[m
[32m[       OK ] 
[32m[ RUN      ] [37mvalidate_Instr_binop.no_enough_operand[m
[32m[       OK ] 
[32m[----------] [33m1 test from validate_Instr_cvtop.[m
[32m[ RUN      ] [37mvalidate_Instr_cvtop.valid[m
[32m[       OK ] 
[32m[----------] [33m2 tests from validate_Instr_relop.[m
[32m[ RUN      ] [37mvalidate_Instr_relop.valid[m
[32m[       OK ] 
[32m[ RUN      ] [37mvalidate_Instr_relop.no_enough_operand[m
[32m[       OK ] 
[32m[----------] [33m2 tests from validate_Instr_testop.[m
[32m[ RUN      ] [37mvalidate_Instr_testop.valid[m
[32m[       OK ] 
[32m[ RUN      ] [37mvalidate_Instr_testop.no_enough_operand[m
[32m[       OK ] 
[32m[----------] [33m2 tests from validate_Instr_unop.[m
[32m[ RUN      ] [37mvalidate_Instr_unop.valid[m
[32m[       OK ] 
[32m[ RUN      ] [37mvalidate_Instr_unop.no_enough_operand[m
[32m[       OK ] 
[36m[==========] 10 tests from 6 cases ran.
[32m[  PASSED  ] [m10 tests.
<end of output>
Test time =   0.01 sec
----------------------------------------------------------
Test Passed.
"validate_Instr_Numeric_unittest" end time: Sep 27 18:47 CST
"validate_Instr_Numeric_unittest" time elapsed: 00:00:00
----------------------------------------------------------

221/233 Testing: validate_Instr_Parametric_unittest
221/233 Test: validate_Instr_Parametric_unittest
Command: "/Users/liqinghua/git/wasmLearning/WasmVM/cmake-build-debug/test/unittests/lib/validator/validate_Instr_Parametric_unittest"
Directory: /Users/liqinghua/git/wasmLearning/WasmVM/cmake-build-debug/test/unittests/lib/validator
"validate_Instr_Parametric_unittest" start time: Sep 27 18:47 CST
Output:
----------------------------------------------------------
[36m[  skypat  ] Running 4 tests from 2 cases.
[32m[----------] [33m2 tests from Validate_Instr_drop.[m
[32m[ RUN      ] [37mValidate_Instr_drop.valid[m
[32m[       OK ] 
[32m[ RUN      ] [37mValidate_Instr_drop.no_enough_operand[m
[32m[       OK ] 
[32m[----------] [33m2 tests from Validate_Instr_select.[m
[32m[ RUN      ] [37mValidate_Instr_select.valid[m
[32m[       OK ] 
[32m[ RUN      ] [37mValidate_Instr_select.no_enough_operand[m
[32m[       OK ] 
[36m[==========] 4 tests from 2 cases ran.
[32m[  PASSED  ] [m4 tests.
<end of output>
Test time =   0.01 sec
----------------------------------------------------------
Test Passed.
"validate_Instr_Parametric_unittest" end time: Sep 27 18:47 CST
"validate_Instr_Parametric_unittest" time elapsed: 00:00:00
----------------------------------------------------------

222/233 Testing: validate_Instr_Variable_unittest
222/233 Test: validate_Instr_Variable_unittest
Command: "/Users/liqinghua/git/wasmLearning/WasmVM/cmake-build-debug/test/unittests/lib/validator/validate_Instr_Variable_unittest"
Directory: /Users/liqinghua/git/wasmLearning/WasmVM/cmake-build-debug/test/unittests/lib/validator
"validate_Instr_Variable_unittest" start time: Sep 27 18:47 CST
Output:
----------------------------------------------------------
[36m[  skypat  ] Running 14 tests from 5 cases.
[32m[----------] [33m2 tests from validate_Instr_get_global.[m
[32m[ RUN      ] [37mvalidate_Instr_get_global.valid[m
[32m[       OK ] 
[32m[ RUN      ] [37mvalidate_Instr_get_global.global_not_exist[m
[32m[       OK ] 
[32m[----------] [33m2 tests from validate_Instr_get_local.[m
[32m[ RUN      ] [37mvalidate_Instr_get_local.valid[m
[32m[       OK ] 
[32m[ RUN      ] [37mvalidate_Instr_get_local.local_not_exist[m
[32m[       OK ] 
[32m[----------] [33m4 tests from validate_Instr_set_global.[m
[32m[ RUN      ] [37mvalidate_Instr_set_global.valid[m
[32m[       OK ] 
[32m[ RUN      ] [37mvalidate_Instr_set_global.global_not_exist[m
[32m[       OK ] 
[32m[ RUN      ] [37mvalidate_Instr_set_global.mut_is_not_var[m
[32m[       OK ] 
[32m[ RUN      ] [37mvalidate_Instr_set_global.no_enough_operand[m
[32m[       OK ] 
[32m[----------] [33m3 tests from validate_Instr_set_local.[m
[32m[ RUN      ] [37mvalidate_Instr_set_local.valid[m
[32m[       OK ] 
[32m[ RUN      ] [37mvalidate_Instr_set_local.local_not_exist[m
[32m[       OK ] 
[32m[ RUN      ] [37mvalidate_Instr_set_local.no_enough_operand[m
[32m[       OK ] 
[32m[----------] [33m3 tests from validate_Instr_tee_local.[m
[32m[ RUN      ] [37mvalidate_Instr_tee_local.valid[m
[32m[       OK ] 
[32m[ RUN      ] [37mvalidate_Instr_tee_local.local_not_exist[m
[32m[       OK ] 
[32m[ RUN      ] [37mvalidate_Instr_tee_local.no_enough_operand[m
[32m[       OK ] 
[36m[==========] 14 tests from 5 cases ran.
[32m[  PASSED  ] [m14 tests.
<end of output>
Test time =   0.01 sec
----------------------------------------------------------
Test Passed.
"validate_Instr_Variable_unittest" end time: Sep 27 18:47 CST
"validate_Instr_Variable_unittest" time elapsed: 00:00:00
----------------------------------------------------------

223/233 Testing: validate_Instr_Memory_unittest
223/233 Test: validate_Instr_Memory_unittest
Command: "/Users/liqinghua/git/wasmLearning/WasmVM/cmake-build-debug/test/unittests/lib/validator/validate_Instr_Memory_unittest"
Directory: /Users/liqinghua/git/wasmLearning/WasmVM/cmake-build-debug/test/unittests/lib/validator
"validate_Instr_Memory_unittest" start time: Sep 27 18:47 CST
Output:
----------------------------------------------------------
[36m[  skypat  ] Running 21 tests from 6 cases.
[32m[----------] [33m4 tests from validate_Instr_load.[m
[32m[ RUN      ] [37mvalidate_Instr_load.valid[m
[32m[       OK ] 
[32m[ RUN      ] [37mvalidate_Instr_load.memory_not_exist[m
[32m[       OK ] 
[32m[ RUN      ] [37mvalidate_Instr_load.align_too_much[m
[32m[       OK ] 
[32m[ RUN      ] [37mvalidate_Instr_load.no_enough_operand[m
[32m[       OK ] 
[32m[----------] [33m4 tests from validate_Instr_loadN.[m
[32m[ RUN      ] [37mvalidate_Instr_loadN.valid[m
[32m[       OK ] 
[32m[ RUN      ] [37mvalidate_Instr_loadN.memory_not_exist[m
[32m[       OK ] 
[32m[ RUN      ] [37mvalidate_Instr_loadN.no_enough_operand[m
[32m[       OK ] 
[32m[ RUN      ] [37mvalidate_Instr_loadN.align_too_much[m
[32m[       OK ] 
[32m[----------] [33m3 tests from validate_Instr_memory_grow.[m
[32m[ RUN      ] [37mvalidate_Instr_memory_grow.valid[m
[32m[       OK ] 
[32m[ RUN      ] [37mvalidate_Instr_memory_grow.memory_not_exist[m
[32m[       OK ] 
[32m[ RUN      ] [37mvalidate_Instr_memory_grow.no_enough_operand[m
[32m[       OK ] 
[32m[----------] [33m2 tests from validate_Instr_memory_size.[m
[32m[ RUN      ] [37mvalidate_Instr_memory_size.valid[m
[32m[       OK ] 
[32m[ RUN      ] [37mvalidate_Instr_memory_size.memory_not_exist[m
[32m[       OK ] 
[32m[----------] [33m4 tests from validate_Instr_store.[m
[32m[ RUN      ] [37mvalidate_Instr_store.valid[m
[32m[       OK ] 
[32m[ RUN      ] [37mvalidate_Instr_store.memory_not_exist[m
[32m[       OK ] 
[32m[ RUN      ] [37mvalidate_Instr_store.align_too_much[m
[32m[       OK ] 
[32m[ RUN      ] [37mvalidate_Instr_store.no_enough_operand[m
[32m[       OK ] 
[32m[----------] [33m4 tests from validate_Instr_storeN.[m
[32m[ RUN      ] [37mvalidate_Instr_storeN.valid[m
[32m[       OK ] 
[32m[ RUN      ] [37mvalidate_Instr_storeN.memory_not_exist[m
[32m[       OK ] 
[32m[ RUN      ] [37mvalidate_Instr_storeN.no_enough_operand[m
[32m[       OK ] 
[32m[ RUN      ] [37mvalidate_Instr_storeN.align_too_much[m
[32m[       OK ] 
[36m[==========] 21 tests from 6 cases ran.
[32m[  PASSED  ] [m21 tests.
<end of output>
Test time =   0.01 sec
----------------------------------------------------------
Test Passed.
"validate_Instr_Memory_unittest" end time: Sep 27 18:47 CST
"validate_Instr_Memory_unittest" time elapsed: 00:00:00
----------------------------------------------------------

224/233 Testing: validate_Func_unittest
224/233 Test: validate_Func_unittest
Command: "/Users/liqinghua/git/wasmLearning/WasmVM/cmake-build-debug/test/unittests/lib/validator/validate_Func_unittest"
Directory: /Users/liqinghua/git/wasmLearning/WasmVM/cmake-build-debug/test/unittests/lib/validator
"validate_Func_unittest" start time: Sep 27 18:47 CST
Output:
----------------------------------------------------------
[36m[  skypat  ] Running 2 tests from 1 cases.
[32m[----------] [33m2 tests from validate_Func.[m
[32m[ RUN      ] [37mvalidate_Func.valid[m
[32m[       OK ] 
[32m[ RUN      ] [37mvalidate_Func.type_not_exist[m
[32m[       OK ] 
[36m[==========] 2 tests from 1 cases ran.
[32m[  PASSED  ] [m2 tests.
<end of output>
Test time =   0.01 sec
----------------------------------------------------------
Test Passed.
"validate_Func_unittest" end time: Sep 27 18:47 CST
"validate_Func_unittest" time elapsed: 00:00:00
----------------------------------------------------------

225/233 Testing: validate_Expr_unittest
225/233 Test: validate_Expr_unittest
Command: "/Users/liqinghua/git/wasmLearning/WasmVM/cmake-build-debug/test/unittests/lib/validator/validate_Expr_unittest"
Directory: /Users/liqinghua/git/wasmLearning/WasmVM/cmake-build-debug/test/unittests/lib/validator
"validate_Expr_unittest" start time: Sep 27 18:47 CST
Output:
----------------------------------------------------------
[36m[  skypat  ] Running 4 tests from 1 cases.
[32m[----------] [33m4 tests from validate_Expr.[m
[32m[ RUN      ] [37mvalidate_Expr.valid[m
[32m[       OK ] 
[32m[ RUN      ] [37mvalidate_Expr.no_such_instruction[m
[32m[       OK ] 
[32m[ RUN      ] [37mvalidate_Expr.remain_operand[m
[32m[       OK ] 
[32m[ RUN      ] [37mvalidate_Expr.wrong_type_of_result[m
[32m[       OK ] 
[36m[==========] 4 tests from 1 cases ran.
[32m[  PASSED  ] [m4 tests.
<end of output>
Test time =   0.00 sec
----------------------------------------------------------
Test Passed.
"validate_Expr_unittest" end time: Sep 27 18:47 CST
"validate_Expr_unittest" time elapsed: 00:00:00
----------------------------------------------------------

226/233 Testing: validate_Module_unittest
226/233 Test: validate_Module_unittest
Command: "/Users/liqinghua/git/wasmLearning/WasmVM/cmake-build-debug/test/unittests/lib/validator/validate_Module_unittest"
Directory: /Users/liqinghua/git/wasmLearning/WasmVM/cmake-build-debug/test/unittests/lib/validator
"validate_Module_unittest" start time: Sep 27 18:47 CST
Output:
----------------------------------------------------------
[36m[  skypat  ] Running 4 tests from 1 cases.
[32m[----------] [33m4 tests from validate_Module.[m
[32m[ RUN      ] [37mvalidate_Module.valid[m
[32m[       OK ] 
[32m[ RUN      ] [37mvalidate_Module.start_function_not_exist[m
[32m[       OK ] 
[32m[ RUN      ] [37mvalidate_Module.start_function_not_void[m
[32m[       OK ] 
[32m[ RUN      ] [37mvalidate_Module.export_name_not_unique[m
[32m[       OK ] 
[36m[==========] 4 tests from 1 cases ran.
[32m[  PASSED  ] [m4 tests.
<end of output>
Test time =   0.01 sec
----------------------------------------------------------
Test Passed.
"validate_Module_unittest" end time: Sep 27 18:47 CST
"validate_Module_unittest" time elapsed: 00:00:00
----------------------------------------------------------

227/233 Testing: instanciator_unittest
227/233 Test: instanciator_unittest
Command: "/Users/liqinghua/git/wasmLearning/WasmVM/cmake-build-debug/test/unittests/lib/instanciator/instanciator_unittest"
Directory: /Users/liqinghua/git/wasmLearning/WasmVM/cmake-build-debug/test/unittests/lib/instanciator
"instanciator_unittest" start time: Sep 27 18:47 CST
Output:
----------------------------------------------------------
[36m[  skypat  ] Running 12 tests from 1 cases.
[32m[----------] [33m12 tests from Instanciator.[m
[32m[ RUN      ] [37mInstanciator.valid[m
[32m[       OK ] 
[32m[ RUN      ] [37mInstanciator.no_imported_module[m
[32m[       OK ] 
[32m[ RUN      ] [37mInstanciator.function_not_match[m
[32m[       OK ] 
[32m[ RUN      ] [37mInstanciator.global_mut_not_match[m
[32m[       OK ] 
[32m[ RUN      ] [37mInstanciator.global_value_type_not_match[m
[32m[       OK ] 
[32m[ RUN      ] [37mInstanciator.memory_min_not_match[m
[32m[       OK ] 
[32m[ RUN      ] [37mInstanciator.memory_max_not_match[m
[32m[       OK ] 
[32m[ RUN      ] [37mInstanciator.table_min_not_match[m
[32m[       OK ] 
[32m[ RUN      ] [37mInstanciator.table_max_not_match[m
[32m[       OK ] 
[32m[ RUN      ] [37mInstanciator.no_imported_name[m
[32m[       OK ] 
[32m[ RUN      ] [37mInstanciator.elem_init_out_of_range[m
[32m[       OK ] 
[32m[ RUN      ] [37mInstanciator.data_init_out_of_range[m
[32m[       OK ] 
[36m[==========] 12 tests from 1 cases ran.
[32m[  PASSED  ] [m12 tests.
<end of output>
Test time =   0.01 sec
----------------------------------------------------------
Test Passed.
"instanciator_unittest" end time: Sep 27 18:47 CST
"instanciator_unittest" time elapsed: 00:00:00
----------------------------------------------------------

228/233 Testing: allocate_function_unittest
228/233 Test: allocate_function_unittest
Command: "/Users/liqinghua/git/wasmLearning/WasmVM/cmake-build-debug/test/unittests/lib/instanciator/allocate_function_unittest"
Directory: /Users/liqinghua/git/wasmLearning/WasmVM/cmake-build-debug/test/unittests/lib/instanciator
"allocate_function_unittest" start time: Sep 27 18:47 CST
Output:
----------------------------------------------------------
[36m[  skypat  ] Running 1 tests from 1 cases.
[32m[----------] [33m1 test from allocate_function.[m
[32m[ RUN      ] [37mallocate_function.valid[m
[32m[       OK ] 
[36m[==========] 1 test from 1 cases ran.
[32m[  PASSED  ] [m1 test.
<end of output>
Test time =   0.01 sec
----------------------------------------------------------
Test Passed.
"allocate_function_unittest" end time: Sep 27 18:47 CST
"allocate_function_unittest" time elapsed: 00:00:00
----------------------------------------------------------

229/233 Testing: allocate_table_unittest
229/233 Test: allocate_table_unittest
Command: "/Users/liqinghua/git/wasmLearning/WasmVM/cmake-build-debug/test/unittests/lib/instanciator/allocate_table_unittest"
Directory: /Users/liqinghua/git/wasmLearning/WasmVM/cmake-build-debug/test/unittests/lib/instanciator
"allocate_table_unittest" start time: Sep 27 18:47 CST
Output:
----------------------------------------------------------
[36m[  skypat  ] Running 1 tests from 1 cases.
[32m[----------] [33m1 test from allocate_table.[m
[32m[ RUN      ] [37mallocate_table.valid[m
[32m[       OK ] 
[36m[==========] 1 test from 1 cases ran.
[32m[  PASSED  ] [m1 test.
<end of output>
Test time =   0.00 sec
----------------------------------------------------------
Test Passed.
"allocate_table_unittest" end time: Sep 27 18:47 CST
"allocate_table_unittest" time elapsed: 00:00:00
----------------------------------------------------------

230/233 Testing: allocate_memory_unittest
230/233 Test: allocate_memory_unittest
Command: "/Users/liqinghua/git/wasmLearning/WasmVM/cmake-build-debug/test/unittests/lib/instanciator/allocate_memory_unittest"
Directory: /Users/liqinghua/git/wasmLearning/WasmVM/cmake-build-debug/test/unittests/lib/instanciator
"allocate_memory_unittest" start time: Sep 27 18:47 CST
Output:
----------------------------------------------------------
[36m[  skypat  ] Running 1 tests from 1 cases.
[32m[----------] [33m1 test from allocate_memory.[m
[32m[ RUN      ] [37mallocate_memory.valid[m
[32m[       OK ] 
[36m[==========] 1 test from 1 cases ran.
[32m[  PASSED  ] [m1 test.
<end of output>
Test time =   0.00 sec
----------------------------------------------------------
Test Passed.
"allocate_memory_unittest" end time: Sep 27 18:47 CST
"allocate_memory_unittest" time elapsed: 00:00:00
----------------------------------------------------------

231/233 Testing: allocate_global_unittest
231/233 Test: allocate_global_unittest
Command: "/Users/liqinghua/git/wasmLearning/WasmVM/cmake-build-debug/test/unittests/lib/instanciator/allocate_global_unittest"
Directory: /Users/liqinghua/git/wasmLearning/WasmVM/cmake-build-debug/test/unittests/lib/instanciator
"allocate_global_unittest" start time: Sep 27 18:47 CST
Output:
----------------------------------------------------------
[36m[  skypat  ] Running 1 tests from 1 cases.
[32m[----------] [33m1 test from allocate_global.[m
[32m[ RUN      ] [37mallocate_global.valid[m
[32m[       OK ] 
[36m[==========] 1 test from 1 cases ran.
[32m[  PASSED  ] [m1 test.
<end of output>
Test time =   0.00 sec
----------------------------------------------------------
Test Passed.
"allocate_global_unittest" end time: Sep 27 18:47 CST
"allocate_global_unittest" time elapsed: 00:00:00
----------------------------------------------------------

232/233 Testing: allocate_instructions_unittest
232/233 Test: allocate_instructions_unittest
Command: "/Users/liqinghua/git/wasmLearning/WasmVM/cmake-build-debug/test/unittests/lib/instanciator/allocate_instructions_unittest"
Directory: /Users/liqinghua/git/wasmLearning/WasmVM/cmake-build-debug/test/unittests/lib/instanciator
"allocate_instructions_unittest" start time: Sep 27 18:47 CST
Output:
----------------------------------------------------------
[36m[  skypat  ] Running 4 tests from 1 cases.
[32m[----------] [33m4 tests from allocate_instructions.[m
[32m[ RUN      ] [37mallocate_instructions.control[m
[32m[       OK ] 
[32m[ RUN      ] [37mallocate_instructions.parametric[m
[32m[       OK ] 
[32m[ RUN      ] [37mallocate_instructions.memory[m
[32m[       OK ] 
[32m[ RUN      ] [37mallocate_instructions.numeric[m
[32m[       OK ] 
[36m[==========] 4 tests from 1 cases ran.
[32m[  PASSED  ] [m4 tests.
<end of output>
Test time =   0.01 sec
----------------------------------------------------------
Test Passed.
"allocate_instructions_unittest" end time: Sep 27 18:47 CST
"allocate_instructions_unittest" time elapsed: 00:00:00
----------------------------------------------------------

233/233 Testing: allocate_module_unittest
233/233 Test: allocate_module_unittest
Command: "/Users/liqinghua/git/wasmLearning/WasmVM/cmake-build-debug/test/unittests/lib/instanciator/allocate_module_unittest"
Directory: /Users/liqinghua/git/wasmLearning/WasmVM/cmake-build-debug/test/unittests/lib/instanciator
"allocate_module_unittest" start time: Sep 27 18:47 CST
Output:
----------------------------------------------------------
[36m[  skypat  ] Running 1 tests from 1 cases.
[32m[----------] [33m1 test from allocate_function.[m
[32m[ RUN      ] [37mallocate_function.valid[m
[32m[       OK ] 
[36m[==========] 1 test from 1 cases ran.
[32m[  PASSED  ] [m1 test.
<end of output>
Test time =   0.01 sec
----------------------------------------------------------
Test Passed.
"allocate_module_unittest" end time: Sep 27 18:47 CST
"allocate_module_unittest" time elapsed: 00:00:00
----------------------------------------------------------

End testing: Sep 27 18:47 CST
